-------------------------------------------------------------------------------
Test set: Selenium_4_Tests_Practice.UserDashboardTest
-------------------------------------------------------------------------------
Tests run: 2, Failures: 0, Errors: 1, Skipped: 0, Time elapsed: 20.641 s <<< FAILURE! - in Selenium_4_Tests_Practice.UserDashboardTest
Selenium_4_Tests_Practice.UserDashboardTest.createNewAddressBookDashboard  Time elapsed: 12.743 s  <<< ERROR!
org.openqa.selenium.NoSuchElementException: 
Cannot locate option with text: California
For documentation on this error, please visit: https://www.selenium.dev/documentation/webdriver/troubleshooting/errors#no-such-element-exception
Build info: version: '4.25.0', revision: '8a8aea2337'
System info: os.name: 'Windows 11', os.arch: 'amd64', os.version: '10.0', java.version: '22.0.1'
Driver info: driver.version: unknown
	at org.openqa.selenium.support.ui.Select.selectByVisibleText(Select.java:153)
	at Selenium_4_Tests_Practice.Pages.UserDashboardPage.selectRegionState(UserDashboardPage.java:240)
	at Selenium_4_Tests_Practice.Utilities.Dashboard.UserDashboardUtility.addNewAddressBook(UserDashboardUtility.java:37)
	at Selenium_4_Tests_Practice.UserDashboardTest.createNewAddressBookDashboard(UserDashboardTest.java:77)
	at java.base/java.lang.reflect.Method.invoke(Method.java:580)
	at java.base/java.util.ArrayList.forEach(ArrayList.java:1597)
	at java.base/java.util.ArrayList.forEach(ArrayList.java:1597)

