<?xml version="1.0" encoding="UTF-8"?>
<testsuite xmlns:xsi="http://www.w3.org/2001/XMLSchema-instance" xsi:noNamespaceSchemaLocation="https://maven.apache.org/surefire/maven-surefire-plugin/xsd/surefire-test-report-3.0.xsd" version="3.0" name="Selenium_4_Tests.TestDevToolsNetworkInterception" time="46.514" tests="7" errors="0" skipped="0" failures="1">
  <properties>
[...]
</properties>
  <testcase name="networkBlockPatterns" classname="Selenium_4_Tests.TestDevToolsNetworkInterception" time="3.581">
    <system-err><![CDATA[[CDP Connection] INFO Selenium_4_Tests.TestDevToolsNetworkInterception - Blocking reason final: inspector
[CDP Connection] INFO Selenium_4_Tests.TestDevToolsNetworkInterception - Blocking reason final: inspector
]]></system-err>
  </testcase>
  <testcase name="getRequestServedFromCacheTest" classname="Selenium_4_Tests.TestDevToolsNetworkInterception" time="7.156">
    <system-err><![CDATA[[CDP Connection] INFO Selenium_4_Tests.TestDevToolsNetworkInterception - HTTP request served from cache: 19964.613
[CDP Connection] INFO Selenium_4_Tests.TestDevToolsNetworkInterception - HTTP request served from cache: 19964.815
[CDP Connection] INFO Selenium_4_Tests.TestDevToolsNetworkInterception - HTTP request served from cache: 19964.814
]]></system-err>
  </testcase>
  <testcase name="verifyEventSourceMessagesTest" classname="Selenium_4_Tests.TestDevToolsNetworkInterception" time="11.556">
    <system-err><![CDATA[[CDP Connection] INFO Selenium_4_Tests.TestDevToolsNetworkInterception - Event Source event data received: The server time is: Thu, 28 Mar 2024 20:14:09 +0000
[CDP Connection] INFO Selenium_4_Tests.TestDevToolsNetworkInterception - Event Source event name: message
[CDP Connection] INFO Selenium_4_Tests.TestDevToolsNetworkInterception - Event Source event id: 
[CDP Connection] INFO Selenium_4_Tests.TestDevToolsNetworkInterception - Event Source message id: 23192.42
[CDP Connection] INFO Selenium_4_Tests.TestDevToolsNetworkInterception - Event Source event time: 81959.51118
[CDP Connection] INFO Selenium_4_Tests.TestDevToolsNetworkInterception - Event Source event data received: The server time is: Thu, 28 Mar 2024 20:14:12 +0000
[CDP Connection] INFO Selenium_4_Tests.TestDevToolsNetworkInterception - Event Source event name: message
[CDP Connection] INFO Selenium_4_Tests.TestDevToolsNetworkInterception - Event Source event id: 
[CDP Connection] INFO Selenium_4_Tests.TestDevToolsNetworkInterception - Event Source message id: 23192.120
[CDP Connection] INFO Selenium_4_Tests.TestDevToolsNetworkInterception - Event Source event time: 81962.679802
[CDP Connection] INFO Selenium_4_Tests.TestDevToolsNetworkInterception - Event Source event data received: The server time is: Thu, 28 Mar 2024 20:14:15 +0000
[CDP Connection] INFO Selenium_4_Tests.TestDevToolsNetworkInterception - Event Source event name: message
[CDP Connection] INFO Selenium_4_Tests.TestDevToolsNetworkInterception - Event Source event id: 
[CDP Connection] INFO Selenium_4_Tests.TestDevToolsNetworkInterception - Event Source message id: 23192.128
[CDP Connection] INFO Selenium_4_Tests.TestDevToolsNetworkInterception - Event Source event time: 81965.856215
]]></system-err>
  </testcase>
  <testcase name="verifyWebSocketOperationTest" classname="Selenium_4_Tests.TestDevToolsNetworkInterception" time="16.075">
    <failure message="&#10;Multiple Failures (1 failure)&#10;-- failure 1 --&#10;Expecting actual:&#10;  &quot;Online Websockets Tester - Debug Client Tool&quot;&#10;to contain:&#10;  &quot;Online WebSocket&quot; &#10;at TestDevToolsNetworkInterception.lambda$verifyWebSocketOperationTest$19(TestDevToolsNetworkInterception.java:207)" type="org.assertj.core.error.AssertJMultipleFailuresError"><![CDATA[org.assertj.core.error.AssertJMultipleFailuresError: 

Multiple Failures (1 failure)
-- failure 1 --
Expecting actual:
  "Online Websockets Tester - Debug Client Tool"
to contain:
  "Online WebSocket" 
at TestDevToolsNetworkInterception.lambda$verifyWebSocketOperationTest$19(TestDevToolsNetworkInterception.java:207)
	at java.base/jdk.internal.reflect.NativeConstructorAccessorImpl.newInstance0(Native Method)
	at java.base/jdk.internal.reflect.NativeConstructorAccessorImpl.newInstance(NativeConstructorAccessorImpl.java:77)
	at java.base/jdk.internal.reflect.DelegatingConstructorAccessorImpl.newInstance(DelegatingConstructorAccessorImpl.java:45)
	at java.base/java.lang.reflect.Constructor.newInstanceWithCaller(Constructor.java:499)
	at Selenium_4_Tests.TestDevToolsNetworkInterception.verifyWebSocketOperationTest(TestDevToolsNetworkInterception.java:207)
	at java.base/jdk.internal.reflect.NativeMethodAccessorImpl.invoke0(Native Method)
	at java.base/jdk.internal.reflect.NativeMethodAccessorImpl.invoke(NativeMethodAccessorImpl.java:77)
	at java.base/jdk.internal.reflect.DelegatingMethodAccessorImpl.invoke(DelegatingMethodAccessorImpl.java:43)
	at java.base/java.lang.reflect.Method.invoke(Method.java:568)
	at org.junit.platform.commons.util.ReflectionUtils.invokeMethod(ReflectionUtils.java:728)
	at org.junit.jupiter.engine.execution.MethodInvocation.proceed(MethodInvocation.java:60)
	at org.junit.jupiter.engine.execution.InvocationInterceptorChain$ValidatingInvocation.proceed(InvocationInterceptorChain.java:131)
	at org.junit.jupiter.engine.extension.TimeoutExtension.intercept(TimeoutExtension.java:156)
	at org.junit.jupiter.engine.extension.TimeoutExtension.interceptTestableMethod(TimeoutExtension.java:147)
	at org.junit.jupiter.engine.extension.TimeoutExtension.interceptTestMethod(TimeoutExtension.java:86)
	at org.junit.jupiter.engine.execution.InterceptingExecutableInvoker$ReflectiveInterceptorCall.lambda$ofVoidMethod$0(InterceptingExecutableInvoker.java:103)
	at org.junit.jupiter.engine.execution.InterceptingExecutableInvoker.lambda$invoke$0(InterceptingExecutableInvoker.java:93)
	at org.junit.jupiter.engine.execution.InvocationInterceptorChain$InterceptedInvocation.proceed(InvocationInterceptorChain.java:106)
	at org.junit.jupiter.engine.execution.InvocationInterceptorChain.proceed(InvocationInterceptorChain.java:64)
	at org.junit.jupiter.engine.execution.InvocationInterceptorChain.chainAndInvoke(InvocationInterceptorChain.java:45)
	at org.junit.jupiter.engine.execution.InvocationInterceptorChain.invoke(InvocationInterceptorChain.java:37)
	at org.junit.jupiter.engine.execution.InterceptingExecutableInvoker.invoke(InterceptingExecutableInvoker.java:92)
	at org.junit.jupiter.engine.execution.InterceptingExecutableInvoker.invoke(InterceptingExecutableInvoker.java:86)
	at org.junit.jupiter.engine.descriptor.TestMethodTestDescriptor.lambda$invokeTestMethod$7(TestMethodTestDescriptor.java:218)
	at org.junit.platform.engine.support.hierarchical.ThrowableCollector.execute(ThrowableCollector.java:73)
	at org.junit.jupiter.engine.descriptor.TestMethodTestDescriptor.invokeTestMethod(TestMethodTestDescriptor.java:214)
	at org.junit.jupiter.engine.descriptor.TestMethodTestDescriptor.execute(TestMethodTestDescriptor.java:139)
	at org.junit.jupiter.engine.descriptor.TestMethodTestDescriptor.execute(TestMethodTestDescriptor.java:69)
	at org.junit.platform.engine.support.hierarchical.NodeTestTask.lambda$executeRecursively$6(NodeTestTask.java:151)
	at org.junit.platform.engine.support.hierarchical.ThrowableCollector.execute(ThrowableCollector.java:73)
	at org.junit.platform.engine.support.hierarchical.NodeTestTask.lambda$executeRecursively$8(NodeTestTask.java:141)
	at org.junit.platform.engine.support.hierarchical.Node.around(Node.java:137)
	at org.junit.platform.engine.support.hierarchical.NodeTestTask.lambda$executeRecursively$9(NodeTestTask.java:139)
	at org.junit.platform.engine.support.hierarchical.ThrowableCollector.execute(ThrowableCollector.java:73)
	at org.junit.platform.engine.support.hierarchical.NodeTestTask.executeRecursively(NodeTestTask.java:138)
	at org.junit.platform.engine.support.hierarchical.NodeTestTask.execute(NodeTestTask.java:95)
	at java.base/java.util.ArrayList.forEach(ArrayList.java:1511)
	at org.junit.platform.engine.support.hierarchical.SameThreadHierarchicalTestExecutorService.invokeAll(SameThreadHierarchicalTestExecutorService.java:41)
	at org.junit.platform.engine.support.hierarchical.NodeTestTask.lambda$executeRecursively$6(NodeTestTask.java:155)
	at org.junit.platform.engine.support.hierarchical.ThrowableCollector.execute(ThrowableCollector.java:73)
	at org.junit.platform.engine.support.hierarchical.NodeTestTask.lambda$executeRecursively$8(NodeTestTask.java:141)
	at org.junit.platform.engine.support.hierarchical.Node.around(Node.java:137)
	at org.junit.platform.engine.support.hierarchical.NodeTestTask.lambda$executeRecursively$9(NodeTestTask.java:139)
	at org.junit.platform.engine.support.hierarchical.ThrowableCollector.execute(ThrowableCollector.java:73)
	at org.junit.platform.engine.support.hierarchical.NodeTestTask.executeRecursively(NodeTestTask.java:138)
	at org.junit.platform.engine.support.hierarchical.NodeTestTask.execute(NodeTestTask.java:95)
	at java.base/java.util.ArrayList.forEach(ArrayList.java:1511)
	at org.junit.platform.engine.support.hierarchical.SameThreadHierarchicalTestExecutorService.invokeAll(SameThreadHierarchicalTestExecutorService.java:41)
	at org.junit.platform.engine.support.hierarchical.NodeTestTask.lambda$executeRecursively$6(NodeTestTask.java:155)
	at org.junit.platform.engine.support.hierarchical.ThrowableCollector.execute(ThrowableCollector.java:73)
	at org.junit.platform.engine.support.hierarchical.NodeTestTask.lambda$executeRecursively$8(NodeTestTask.java:141)
	at org.junit.platform.engine.support.hierarchical.Node.around(Node.java:137)
	at org.junit.platform.engine.support.hierarchical.NodeTestTask.lambda$executeRecursively$9(NodeTestTask.java:139)
	at org.junit.platform.engine.support.hierarchical.ThrowableCollector.execute(ThrowableCollector.java:73)
	at org.junit.platform.engine.support.hierarchical.NodeTestTask.executeRecursively(NodeTestTask.java:138)
	at org.junit.platform.engine.support.hierarchical.NodeTestTask.execute(NodeTestTask.java:95)
	at org.junit.platform.engine.support.hierarchical.SameThreadHierarchicalTestExecutorService.submit(SameThreadHierarchicalTestExecutorService.java:35)
	at org.junit.platform.engine.support.hierarchical.HierarchicalTestExecutor.execute(HierarchicalTestExecutor.java:57)
	at org.junit.platform.engine.support.hierarchical.HierarchicalTestEngine.execute(HierarchicalTestEngine.java:54)
	at org.junit.platform.launcher.core.EngineExecutionOrchestrator.execute(EngineExecutionOrchestrator.java:147)
	at org.junit.platform.launcher.core.EngineExecutionOrchestrator.execute(EngineExecutionOrchestrator.java:127)
	at org.junit.platform.launcher.core.EngineExecutionOrchestrator.execute(EngineExecutionOrchestrator.java:90)
	at org.junit.platform.launcher.core.EngineExecutionOrchestrator.lambda$execute$0(EngineExecutionOrchestrator.java:55)
	at org.junit.platform.launcher.core.EngineExecutionOrchestrator.withInterceptedStreams(EngineExecutionOrchestrator.java:102)
	at org.junit.platform.launcher.core.EngineExecutionOrchestrator.execute(EngineExecutionOrchestrator.java:54)
	at org.junit.platform.launcher.core.DefaultLauncher.execute(DefaultLauncher.java:114)
	at org.junit.platform.launcher.core.DefaultLauncher.execute(DefaultLauncher.java:86)
	at org.junit.platform.launcher.core.DefaultLauncherSession$DelegatingLauncher.execute(DefaultLauncherSession.java:86)
	at org.apache.maven.surefire.junitplatform.LazyLauncher.execute(LazyLauncher.java:50)
	at org.apache.maven.surefire.junitplatform.JUnitPlatformProvider.execute(JUnitPlatformProvider.java:184)
	at org.apache.maven.surefire.junitplatform.JUnitPlatformProvider.invokeAllTests(JUnitPlatformProvider.java:148)
	at org.apache.maven.surefire.junitplatform.JUnitPlatformProvider.invoke(JUnitPlatformProvider.java:122)
	at org.apache.maven.surefire.booter.ForkedBooter.runSuitesInProcess(ForkedBooter.java:385)
	at org.apache.maven.surefire.booter.ForkedBooter.execute(ForkedBooter.java:162)
	at org.apache.maven.surefire.booter.ForkedBooter.run(ForkedBooter.java:507)
	at org.apache.maven.surefire.booter.ForkedBooter.main(ForkedBooter.java:495)
]]></failure>
    <system-err><![CDATA[[CDP Connection] INFO Selenium_4_Tests.TestDevToolsNetworkInterception - WebSocket created: wss://demo.piesocket.com/v3/channel_123?api_key=VCXCEuvhGcBDP7XhiJJUDvR1e1D3eiVjgZ9VRiaV&notify_self
[CDP Connection] INFO Selenium_4_Tests.TestDevToolsNetworkInterception - WebSocket id: 23704.94
[CDP Connection] INFO Selenium_4_Tests.TestDevToolsNetworkInterception - WebSocket type: script
[CDP Connection] INFO Selenium_4_Tests.TestDevToolsNetworkInterception - WebSocket frame received: 23704.94
[CDP Connection] INFO Selenium_4_Tests.TestDevToolsNetworkInterception - {"error":"Unknown api key"}
[CDP Connection] INFO Selenium_4_Tests.TestDevToolsNetworkInterception - 1
[CDP Connection] INFO Selenium_4_Tests.TestDevToolsNetworkInterception - false
[CDP Connection] INFO Selenium_4_Tests.TestDevToolsNetworkInterception - WebSocket Closed
[CDP Connection] INFO Selenium_4_Tests.TestDevToolsNetworkInterception - 81979.436079
]]></system-err>
  </testcase>
  <testcase name="getHttpTrafficTest" classname="Selenium_4_Tests.TestDevToolsNetworkInterception" time="3.876">
    <system-err><![CDATA[[CDP Connection] INFO Selenium_4_Tests.TestDevToolsNetworkInterception - HTTP response received: DA01F85EEA1EDA5C89BAF1C26DE9AF67
[CDP Connection] INFO Selenium_4_Tests.TestDevToolsNetworkInterception - HTTP response url: https://ecommerce-playground.lambdatest.io/
[CDP Connection] INFO Selenium_4_Tests.TestDevToolsNetworkInterception - HTTP response status: 200
[CDP Connection] INFO Selenium_4_Tests.TestDevToolsNetworkInterception - HTTP response status text: OK
[CDP Connection] INFO Selenium_4_Tests.TestDevToolsNetworkInterception - HTTP response headers: {Connection=keep-alive, Content-Encoding=gzip, Content-Type=text/html; charset=utf-8, Date=Thu, 28 Mar 2024 20:14:17 GMT, Server=nginx, Transfer-Encoding=chunked, X-Frame-Options=SAMEORIGIN}
[CDP Connection] INFO Selenium_4_Tests.TestDevToolsNetworkInterception - HTTP response protocol: Optional[http/1.1]
[CDP Connection] INFO Selenium_4_Tests.TestDevToolsNetworkInterception - HTTP response remote IP address: Optional[44.206.201.40]
[CDP Connection] INFO Selenium_4_Tests.TestDevToolsNetworkInterception - HTTP response remote port: Optional[443]
[CDP Connection] INFO Selenium_4_Tests.TestDevToolsNetworkInterception - HTTP response mime type: text/html
[CDP Connection] INFO Selenium_4_Tests.TestDevToolsNetworkInterception - HTTP response connection id: 138
[CDP Connection] INFO Selenium_4_Tests.TestDevToolsNetworkInterception - ---
[CDP Connection] INFO Selenium_4_Tests.TestDevToolsNetworkInterception - HTTP response received: 21604.3
[CDP Connection] INFO Selenium_4_Tests.TestDevToolsNetworkInterception - HTTP response url: https://ecommerce-playground.lambdatest.io/catalog/view/theme/mz_poco/asset/stylesheet/megastore-2.28/combine/eba62915f06ab23a214a819a0557a58b.css
[CDP Connection] INFO Selenium_4_Tests.TestDevToolsNetworkInterception - HTTP response status: 200
[CDP Connection] INFO Selenium_4_Tests.TestDevToolsNetworkInterception - HTTP response status text: OK
[CDP Connection] INFO Selenium_4_Tests.TestDevToolsNetworkInterception - HTTP response headers: {Date=Thu, 28 Mar 2024 20:14:17 GMT, Last-Modified=Wed, 18 May 2022 09:21:33 GMT, Server=nginx, ETag="6284ba9d-3d84f", Content-Type=text/css, Cache-Control=max-age=315360000, Connection=keep-alive, Accept-Ranges=bytes, Content-Length=251983, Expires=Thu, 31 Dec 2037 23:55:55 GMT}
[CDP Connection] INFO Selenium_4_Tests.TestDevToolsNetworkInterception - HTTP response protocol: Optional[http/1.1]
[CDP Connection] INFO Selenium_4_Tests.TestDevToolsNetworkInterception - HTTP response remote IP address: Optional[44.206.201.40]
[CDP Connection] INFO Selenium_4_Tests.TestDevToolsNetworkInterception - HTTP response remote port: Optional[443]
[CDP Connection] INFO Selenium_4_Tests.TestDevToolsNetworkInterception - HTTP response mime type: text/css
[CDP Connection] INFO Selenium_4_Tests.TestDevToolsNetworkInterception - HTTP response connection id: 138
[CDP Connection] INFO Selenium_4_Tests.TestDevToolsNetworkInterception - ---
[CDP Connection] INFO Selenium_4_Tests.TestDevToolsNetworkInterception - HTTP response received: 21604.7
[CDP Connection] INFO Selenium_4_Tests.TestDevToolsNetworkInterception - HTTP response url: https://ecommerce-playground.lambdatest.io/image/cache/catalog/maza/demo/mz_poco/megastore-2/banner/megamenu-offer-220x400.webp
[CDP Connection] INFO Selenium_4_Tests.TestDevToolsNetworkInterception - HTTP response status: 200
[CDP Connection] INFO Selenium_4_Tests.TestDevToolsNetworkInterception - HTTP response status text: OK
[CDP Connection] INFO Selenium_4_Tests.TestDevToolsNetworkInterception - HTTP response headers: {Date=Thu, 28 Mar 2024 20:14:17 GMT, Last-Modified=Wed, 18 May 2022 09:21:08 GMT, Server=nginx, ETag="6284ba84-23f2", Content-Type=image/webp, Connection=keep-alive, Accept-Ranges=bytes, Content-Length=9202}
[CDP Connection] INFO Selenium_4_Tests.TestDevToolsNetworkInterception - HTTP response protocol: Optional[http/1.1]
[CDP Connection] INFO Selenium_4_Tests.TestDevToolsNetworkInterception - HTTP response remote IP address: Optional[44.206.201.40]
[CDP Connection] INFO Selenium_4_Tests.TestDevToolsNetworkInterception - HTTP response remote port: Optional[443]
[CDP Connection] INFO Selenium_4_Tests.TestDevToolsNetworkInterception - HTTP response mime type: image/webp
[CDP Connection] INFO Selenium_4_Tests.TestDevToolsNetworkInterception - HTTP response connection id: 144
[CDP Connection] INFO Selenium_4_Tests.TestDevToolsNetworkInterception - ---
[CDP Connection] INFO Selenium_4_Tests.TestDevToolsNetworkInterception - HTTP response received: 21604.2
[CDP Connection] INFO Selenium_4_Tests.TestDevToolsNetworkInterception - HTTP response url: https://unpkg.com/swiper@7.4.1/swiper-bundle.min.css
[CDP Connection] INFO Selenium_4_Tests.TestDevToolsNetworkInterception - HTTP response status: 200
[CDP Connection] INFO Selenium_4_Tests.TestDevToolsNetworkInterception - HTTP response status text: 
[CDP Connection] INFO Selenium_4_Tests.TestDevToolsNetworkInterception - HTTP response headers: {date=Thu, 28 Mar 2024 20:14:37 GMT, content-encoding=br, via=1.1 fly.io, cf-cache-status=HIT, x-content-type-options=nosniff, strict-transport-security=max-age=31536000; includeSubDomains; preload, age=689148, last-modified=Sat, 26 Oct 1985 08:15:00 GMT, fly-request-id=01HSESZB8G6DW8CR5Y1PMKDXB5-mia, server=cloudflare, etag="3ccb-5Koe10fACH1gYqRziowpfORPwas", vary=Accept-Encoding, content-type=text/css; charset=utf-8, access-control-allow-origin=*, cache-control=public, max-age=31536000, cf-ray=86ba4999cec3f78a-BOG}
[CDP Connection] INFO Selenium_4_Tests.TestDevToolsNetworkInterception - HTTP response protocol: Optional[h2]
[CDP Connection] INFO Selenium_4_Tests.TestDevToolsNetworkInterception - HTTP response remote IP address: Optional[[2606:4700::6810:7baf]]
[CDP Connection] INFO Selenium_4_Tests.TestDevToolsNetworkInterception - HTTP response remote port: Optional[443]
[CDP Connection] INFO Selenium_4_Tests.TestDevToolsNetworkInterception - HTTP response mime type: text/css
[CDP Connection] INFO Selenium_4_Tests.TestDevToolsNetworkInterception - HTTP response connection id: 250
[CDP Connection] INFO Selenium_4_Tests.TestDevToolsNetworkInterception - ---
[CDP Connection] INFO Selenium_4_Tests.TestDevToolsNetworkInterception - HTTP response received: 21604.8
[CDP Connection] INFO Selenium_4_Tests.TestDevToolsNetworkInterception - HTTP response url: https://ecommerce-playground.lambdatest.io/image/cache/catalog/maza/demo/mz_poco/megastore-2/banner/main-banner-1600x500.webp
[CDP Connection] INFO Selenium_4_Tests.TestDevToolsNetworkInterception - HTTP response status: 200
[CDP Connection] INFO Selenium_4_Tests.TestDevToolsNetworkInterception - HTTP response status text: OK
[CDP Connection] INFO Selenium_4_Tests.TestDevToolsNetworkInterception - HTTP response headers: {Date=Thu, 28 Mar 2024 20:14:17 GMT, Last-Modified=Wed, 18 May 2022 09:21:01 GMT, Server=nginx, ETag="6284ba7d-7cba", Content-Type=image/webp, Connection=keep-alive, Accept-Ranges=bytes, Content-Length=31930}
[CDP Connection] INFO Selenium_4_Tests.TestDevToolsNetworkInterception - HTTP response protocol: Optional[http/1.1]
[CDP Connection] INFO Selenium_4_Tests.TestDevToolsNetworkInterception - HTTP response remote IP address: Optional[44.206.201.40]
[CDP Connection] INFO Selenium_4_Tests.TestDevToolsNetworkInterception - HTTP response remote port: Optional[443]
[CDP Connection] INFO Selenium_4_Tests.TestDevToolsNetworkInterception - HTTP response mime type: image/webp
[CDP Connection] INFO Selenium_4_Tests.TestDevToolsNetworkInterception - HTTP response connection id: 144
[CDP Connection] INFO Selenium_4_Tests.TestDevToolsNetworkInterception - ---
[CDP Connection] INFO Selenium_4_Tests.TestDevToolsNetworkInterception - HTTP response received: 21604.4
[CDP Connection] INFO Selenium_4_Tests.TestDevToolsNetworkInterception - HTTP response url: https://ajax.googleapis.com/ajax/libs/jquery/3.6.0/jquery.min.js
[CDP Connection] INFO Selenium_4_Tests.TestDevToolsNetworkInterception - HTTP response status: 200
[CDP Connection] INFO Selenium_4_Tests.TestDevToolsNetworkInterception - HTTP response status text: 
[CDP Connection] INFO Selenium_4_Tests.TestDevToolsNetworkInterception - HTTP response headers: {date=Sun, 24 Mar 2024 08:16:48 GMT, content-encoding=gzip, x-content-type-options=nosniff, age=388669, content-security-policy-report-only=require-trusted-types-for 'script'; report-uri https://csp.withgoogle.com/csp/hosted-libraries-pushers, cross-origin-resource-policy=cross-origin, alt-svc=h3=":443"; ma=2592000,h3-29=":443"; ma=2592000, content-length=31017, x-xss-protection=0, last-modified=Wed, 10 Mar 2021 14:28:09 GMT, server=sffe, cross-origin-opener-policy=same-origin; report-to="hosted-libraries-pushers", vary=Accept-Encoding, report-to={"group":"hosted-libraries-pushers","max_age":2592000,"endpoints":[{"url":"https://csp.withgoogle.com/csp/report-to/hosted-libraries-pushers"}]}, content-type=text/javascript; charset=UTF-8, access-control-allow-origin=*, cache-control=public, max-age=31536000, stale-while-revalidate=2592000, accept-ranges=bytes, timing-allow-origin=*, expires=Mon, 24 Mar 2025 08:16:48 GMT}
[CDP Connection] INFO Selenium_4_Tests.TestDevToolsNetworkInterception - HTTP response protocol: Optional[h2]
[CDP Connection] INFO Selenium_4_Tests.TestDevToolsNetworkInterception - HTTP response remote IP address: Optional[[2800:3f0:4005:409::200a]]
[CDP Connection] INFO Selenium_4_Tests.TestDevToolsNetworkInterception - HTTP response remote port: Optional[443]
[CDP Connection] INFO Selenium_4_Tests.TestDevToolsNetworkInterception - HTTP response mime type: text/javascript
[CDP Connection] INFO Selenium_4_Tests.TestDevToolsNetworkInterception - HTTP response connection id: 248
[CDP Connection] INFO Selenium_4_Tests.TestDevToolsNetworkInterception - ---
[CDP Connection] INFO Selenium_4_Tests.TestDevToolsNetworkInterception - HTTP response received: 21604.613
[CDP Connection] INFO Selenium_4_Tests.TestDevToolsNetworkInterception - HTTP response url: data:image/gif;base64,R0lGODlhAQABAIAAAAAAAP///yH5BAEAAAAALAAAAAABAAEAAAIBRAA7
[CDP Connection] INFO Selenium_4_Tests.TestDevToolsNetworkInterception - HTTP response status: 200
[CDP Connection] INFO Selenium_4_Tests.TestDevToolsNetworkInterception - HTTP response status text: OK
[CDP Connection] INFO Selenium_4_Tests.TestDevToolsNetworkInterception - HTTP response headers: {Content-Type=image/gif}
[CDP Connection] INFO Selenium_4_Tests.TestDevToolsNetworkInterception - HTTP response protocol: Optional[data]
[CDP Connection] INFO Selenium_4_Tests.TestDevToolsNetworkInterception - HTTP response remote IP address: Optional.empty
[CDP Connection] INFO Selenium_4_Tests.TestDevToolsNetworkInterception - HTTP response remote port: Optional.empty
[CDP Connection] INFO Selenium_4_Tests.TestDevToolsNetworkInterception - HTTP response mime type: image/gif
[CDP Connection] INFO Selenium_4_Tests.TestDevToolsNetworkInterception - HTTP response connection id: 0
[CDP Connection] INFO Selenium_4_Tests.TestDevToolsNetworkInterception - ---
[CDP Connection] INFO Selenium_4_Tests.TestDevToolsNetworkInterception - HTTP response received: 21604.804
[CDP Connection] INFO Selenium_4_Tests.TestDevToolsNetworkInterception - HTTP response url: data:image/svg+xml,%3csvg xmlns='http://www.w3.org/2000/svg' fill='%23fff' viewBox='0 0 8 8'%3e%3cpath d='M2.75 0l-1.5 1.5 2.5 2.5-2.5 2.5 1.5 1.5 4-4-4-4z'/%3e%3c/svg%3e
[CDP Connection] INFO Selenium_4_Tests.TestDevToolsNetworkInterception - HTTP response received: 21604.803
[CDP Connection] INFO Selenium_4_Tests.TestDevToolsNetworkInterception - HTTP response status: 200
[CDP Connection] INFO Selenium_4_Tests.TestDevToolsNetworkInterception - HTTP response status text: OK
[CDP Connection] INFO Selenium_4_Tests.TestDevToolsNetworkInterception - HTTP response url: data:image/svg+xml,%3csvg xmlns='http://www.w3.org/2000/svg' fill='%23fff' viewBox='0 0 8 8'%3e%3cpath d='M5.25 0l-4 4 4 4 1.5-1.5-2.5-2.5 2.5-2.5-1.5-1.5z'/%3e%3c/svg%3e
[CDP Connection] INFO Selenium_4_Tests.TestDevToolsNetworkInterception - HTTP response status: 200
[CDP Connection] INFO Selenium_4_Tests.TestDevToolsNetworkInterception - HTTP response headers: {Content-Type=image/svg+xml}
[CDP Connection] INFO Selenium_4_Tests.TestDevToolsNetworkInterception - HTTP response status text: OK
[CDP Connection] INFO Selenium_4_Tests.TestDevToolsNetworkInterception - HTTP response protocol: Optional[data]
[CDP Connection] INFO Selenium_4_Tests.TestDevToolsNetworkInterception - HTTP response headers: {Content-Type=image/svg+xml}
[CDP Connection] INFO Selenium_4_Tests.TestDevToolsNetworkInterception - HTTP response remote IP address: Optional.empty
[CDP Connection] INFO Selenium_4_Tests.TestDevToolsNetworkInterception - HTTP response protocol: Optional[data]
[CDP Connection] INFO Selenium_4_Tests.TestDevToolsNetworkInterception - HTTP response remote port: Optional.empty
[CDP Connection] INFO Selenium_4_Tests.TestDevToolsNetworkInterception - HTTP response remote IP address: Optional.empty
[CDP Connection] INFO Selenium_4_Tests.TestDevToolsNetworkInterception - HTTP response mime type: image/svg+xml
[CDP Connection] INFO Selenium_4_Tests.TestDevToolsNetworkInterception - HTTP response remote port: Optional.empty
[CDP Connection] INFO Selenium_4_Tests.TestDevToolsNetworkInterception - HTTP response connection id: 0
[CDP Connection] INFO Selenium_4_Tests.TestDevToolsNetworkInterception - HTTP response mime type: image/svg+xml
[CDP Connection] INFO Selenium_4_Tests.TestDevToolsNetworkInterception - ---
[CDP Connection] INFO Selenium_4_Tests.TestDevToolsNetworkInterception - HTTP response connection id: 0
[CDP Connection] INFO Selenium_4_Tests.TestDevToolsNetworkInterception - ---
[CDP Connection] INFO Selenium_4_Tests.TestDevToolsNetworkInterception - HTTP response received: 21604.535
[CDP Connection] INFO Selenium_4_Tests.TestDevToolsNetworkInterception - HTTP response url: https://unpkg.com/swiper@7.4.1/swiper-bundle.min.js
[CDP Connection] INFO Selenium_4_Tests.TestDevToolsNetworkInterception - HTTP response status: 200
[CDP Connection] INFO Selenium_4_Tests.TestDevToolsNetworkInterception - HTTP response status text: 
[CDP Connection] INFO Selenium_4_Tests.TestDevToolsNetworkInterception - HTTP response headers: {date=Thu, 28 Mar 2024 20:14:37 GMT, content-encoding=br, via=1.1 fly.io, cf-cache-status=HIT, x-content-type-options=nosniff, strict-transport-security=max-age=31536000; includeSubDomains; preload, age=703251, last-modified=Sat, 26 Oct 1985 08:15:00 GMT, fly-request-id=01HSECGYTGD83X4V16NEAZDH0W-mia, server=cloudflare, etag="212e8-+9I9CUbhY1/BprAUcnI5oGYQ/d0", vary=Accept-Encoding, content-type=application/javascript; charset=utf-8, access-control-allow-origin=*, cache-control=public, max-age=31536000, cf-ray=86ba499ab815f78a-BOG}
[CDP Connection] INFO Selenium_4_Tests.TestDevToolsNetworkInterception - HTTP response protocol: Optional[h2]
[CDP Connection] INFO Selenium_4_Tests.TestDevToolsNetworkInterception - HTTP response remote IP address: Optional[[2606:4700::6810:7baf]]
[CDP Connection] INFO Selenium_4_Tests.TestDevToolsNetworkInterception - HTTP response remote port: Optional[443]
[CDP Connection] INFO Selenium_4_Tests.TestDevToolsNetworkInterception - HTTP response mime type: application/javascript
[CDP Connection] INFO Selenium_4_Tests.TestDevToolsNetworkInterception - HTTP response connection id: 250
[CDP Connection] INFO Selenium_4_Tests.TestDevToolsNetworkInterception - ---
[CDP Connection] INFO Selenium_4_Tests.TestDevToolsNetworkInterception - HTTP response received: 21604.9
[CDP Connection] INFO Selenium_4_Tests.TestDevToolsNetworkInterception - HTTP response url: https://ecommerce-playground.lambdatest.io/image/cache/catalog/maza/demo/mz_poco/megastore-2/banner/main-banner2-1600x500.webp
[CDP Connection] INFO Selenium_4_Tests.TestDevToolsNetworkInterception - HTTP response status: 200
[CDP Connection] INFO Selenium_4_Tests.TestDevToolsNetworkInterception - HTTP response status text: OK
[CDP Connection] INFO Selenium_4_Tests.TestDevToolsNetworkInterception - HTTP response headers: {Date=Thu, 28 Mar 2024 20:14:17 GMT, Last-Modified=Wed, 18 May 2022 09:21:02 GMT, Server=nginx, ETag="6284ba7e-61e8", Content-Type=image/webp, Connection=keep-alive, Accept-Ranges=bytes, Content-Length=25064}
[CDP Connection] INFO Selenium_4_Tests.TestDevToolsNetworkInterception - HTTP response protocol: Optional[http/1.1]
[CDP Connection] INFO Selenium_4_Tests.TestDevToolsNetworkInterception - HTTP response remote IP address: Optional[44.206.201.40]
[CDP Connection] INFO Selenium_4_Tests.TestDevToolsNetworkInterception - HTTP response remote port: Optional[443]
[CDP Connection] INFO Selenium_4_Tests.TestDevToolsNetworkInterception - HTTP response mime type: image/webp
[CDP Connection] INFO Selenium_4_Tests.TestDevToolsNetworkInterception - HTTP response connection id: 179
[CDP Connection] INFO Selenium_4_Tests.TestDevToolsNetworkInterception - ---
[CDP Connection] INFO Selenium_4_Tests.TestDevToolsNetworkInterception - HTTP response received: 21604.10
[CDP Connection] INFO Selenium_4_Tests.TestDevToolsNetworkInterception - HTTP response url: https://ecommerce-playground.lambdatest.io/image/cache/catalog/maza/demo/mz_poco/megastore-2/banner/main-banner3-1600x500.webp
[CDP Connection] INFO Selenium_4_Tests.TestDevToolsNetworkInterception - HTTP response status: 200
[CDP Connection] INFO Selenium_4_Tests.TestDevToolsNetworkInterception - HTTP response status text: OK
[CDP Connection] INFO Selenium_4_Tests.TestDevToolsNetworkInterception - HTTP response headers: {Date=Thu, 28 Mar 2024 20:14:17 GMT, Last-Modified=Wed, 18 May 2022 09:21:02 GMT, Server=nginx, ETag="6284ba7e-87de", Content-Type=image/webp, Connection=keep-alive, Accept-Ranges=bytes, Content-Length=34782}
[CDP Connection] INFO Selenium_4_Tests.TestDevToolsNetworkInterception - HTTP response protocol: Optional[http/1.1]
[CDP Connection] INFO Selenium_4_Tests.TestDevToolsNetworkInterception - HTTP response remote IP address: Optional[44.206.201.40]
[CDP Connection] INFO Selenium_4_Tests.TestDevToolsNetworkInterception - HTTP response remote port: Optional[443]
[CDP Connection] INFO Selenium_4_Tests.TestDevToolsNetworkInterception - HTTP response mime type: image/webp
[CDP Connection] INFO Selenium_4_Tests.TestDevToolsNetworkInterception - HTTP response connection id: 138
[CDP Connection] INFO Selenium_4_Tests.TestDevToolsNetworkInterception - ---
[CDP Connection] INFO Selenium_4_Tests.TestDevToolsNetworkInterception - HTTP response received: 21604.11
[CDP Connection] INFO Selenium_4_Tests.TestDevToolsNetworkInterception - HTTP response url: https://ecommerce-playground.lambdatest.io/image/catalog/maza/demo/mz_poco/megastore-2/html-1.png
[CDP Connection] INFO Selenium_4_Tests.TestDevToolsNetworkInterception - HTTP response status: 200
[CDP Connection] INFO Selenium_4_Tests.TestDevToolsNetworkInterception - HTTP response status text: OK
[CDP Connection] INFO Selenium_4_Tests.TestDevToolsNetworkInterception - HTTP response headers: {Date=Thu, 28 Mar 2024 20:14:17 GMT, Last-Modified=Wed, 16 Mar 2022 12:27:09 GMT, Server=nginx, ETag="6231d79d-1fd0", Content-Type=image/png, Cache-Control=max-age=315360000, Connection=keep-alive, Accept-Ranges=bytes, Content-Length=8144, Expires=Thu, 31 Dec 2037 23:55:55 GMT}
[CDP Connection] INFO Selenium_4_Tests.TestDevToolsNetworkInterception - HTTP response protocol: Optional[http/1.1]
[CDP Connection] INFO Selenium_4_Tests.TestDevToolsNetworkInterception - HTTP response remote IP address: Optional[44.206.201.40]
[CDP Connection] INFO Selenium_4_Tests.TestDevToolsNetworkInterception - HTTP response remote port: Optional[443]
[CDP Connection] INFO Selenium_4_Tests.TestDevToolsNetworkInterception - HTTP response mime type: image/png
[CDP Connection] INFO Selenium_4_Tests.TestDevToolsNetworkInterception - HTTP response connection id: 258
[CDP Connection] INFO Selenium_4_Tests.TestDevToolsNetworkInterception - ---
[CDP Connection] INFO Selenium_4_Tests.TestDevToolsNetworkInterception - HTTP response received: 21604.5
[CDP Connection] INFO Selenium_4_Tests.TestDevToolsNetworkInterception - HTTP response url: https://ecommerce-playground.lambdatest.io/image/catalog/maza/svg/image2vector.svg
[CDP Connection] INFO Selenium_4_Tests.TestDevToolsNetworkInterception - HTTP response status: 200
[CDP Connection] INFO Selenium_4_Tests.TestDevToolsNetworkInterception - HTTP response status text: OK
[CDP Connection] INFO Selenium_4_Tests.TestDevToolsNetworkInterception - HTTP response headers: {Date=Thu, 28 Mar 2024 20:14:17 GMT, Last-Modified=Mon, 11 Apr 2022 17:51:08 GMT, Server=nginx, ETag="62546a8c-19cbe", Content-Type=image/svg+xml, Cache-Control=max-age=315360000, Connection=keep-alive, Accept-Ranges=bytes, Content-Length=105662, Expires=Thu, 31 Dec 2037 23:55:55 GMT}
[CDP Connection] INFO Selenium_4_Tests.TestDevToolsNetworkInterception - HTTP response protocol: Optional[http/1.1]
[CDP Connection] INFO Selenium_4_Tests.TestDevToolsNetworkInterception - HTTP response remote IP address: Optional[44.206.201.40]
[CDP Connection] INFO Selenium_4_Tests.TestDevToolsNetworkInterception - HTTP response remote port: Optional[443]
[CDP Connection] INFO Selenium_4_Tests.TestDevToolsNetworkInterception - HTTP response mime type: image/svg+xml
[CDP Connection] INFO Selenium_4_Tests.TestDevToolsNetworkInterception - HTTP response connection id: 144
[CDP Connection] INFO Selenium_4_Tests.TestDevToolsNetworkInterception - ---
[CDP Connection] INFO Selenium_4_Tests.TestDevToolsNetworkInterception - HTTP response received: 21604.805
[CDP Connection] INFO Selenium_4_Tests.TestDevToolsNetworkInterception - HTTP response url: https://ecommerce-playground.lambdatest.io/image/catalog/maza/demo/mz_poco/spinner/disk.gif
[CDP Connection] INFO Selenium_4_Tests.TestDevToolsNetworkInterception - HTTP response status: 200
[CDP Connection] INFO Selenium_4_Tests.TestDevToolsNetworkInterception - HTTP response status text: OK
[CDP Connection] INFO Selenium_4_Tests.TestDevToolsNetworkInterception - HTTP response headers: {Date=Thu, 28 Mar 2024 20:14:17 GMT, Last-Modified=Wed, 16 Mar 2022 12:27:09 GMT, Server=nginx, ETag="6231d79d-12bec", Content-Type=image/gif, Cache-Control=max-age=315360000, Connection=keep-alive, Accept-Ranges=bytes, Content-Length=76780, Expires=Thu, 31 Dec 2037 23:55:55 GMT}
[CDP Connection] INFO Selenium_4_Tests.TestDevToolsNetworkInterception - HTTP response protocol: Optional[http/1.1]
[CDP Connection] INFO Selenium_4_Tests.TestDevToolsNetworkInterception - HTTP response remote IP address: Optional[44.206.201.40]
[CDP Connection] INFO Selenium_4_Tests.TestDevToolsNetworkInterception - HTTP response remote port: Optional[443]
[CDP Connection] INFO Selenium_4_Tests.TestDevToolsNetworkInterception - HTTP response mime type: image/gif
[CDP Connection] INFO Selenium_4_Tests.TestDevToolsNetworkInterception - HTTP response connection id: 179
[CDP Connection] INFO Selenium_4_Tests.TestDevToolsNetworkInterception - ---
[CDP Connection] INFO Selenium_4_Tests.TestDevToolsNetworkInterception - HTTP response received: 21604.12
[CDP Connection] INFO Selenium_4_Tests.TestDevToolsNetworkInterception - HTTP response url: https://ecommerce-playground.lambdatest.io/image/cache/transparent-270x338.webp
[CDP Connection] INFO Selenium_4_Tests.TestDevToolsNetworkInterception - HTTP response status: 200
[CDP Connection] INFO Selenium_4_Tests.TestDevToolsNetworkInterception - HTTP response status text: OK
[CDP Connection] INFO Selenium_4_Tests.TestDevToolsNetworkInterception - HTTP response headers: {Date=Thu, 28 Mar 2024 20:14:17 GMT, Last-Modified=Wed, 18 May 2022 09:21:04 GMT, Server=nginx, ETag="6284ba80-10c", Content-Type=image/webp, Connection=keep-alive, Accept-Ranges=bytes, Content-Length=268}
[CDP Connection] INFO Selenium_4_Tests.TestDevToolsNetworkInterception - HTTP response protocol: Optional[http/1.1]
[CDP Connection] INFO Selenium_4_Tests.TestDevToolsNetworkInterception - HTTP response remote IP address: Optional[44.206.201.40]
[CDP Connection] INFO Selenium_4_Tests.TestDevToolsNetworkInterception - HTTP response remote port: Optional[443]
[CDP Connection] INFO Selenium_4_Tests.TestDevToolsNetworkInterception - HTTP response mime type: image/webp
[CDP Connection] INFO Selenium_4_Tests.TestDevToolsNetworkInterception - HTTP response connection id: 258
[CDP Connection] INFO Selenium_4_Tests.TestDevToolsNetworkInterception - ---
[CDP Connection] INFO Selenium_4_Tests.TestDevToolsNetworkInterception - HTTP response received: 21604.6
[CDP Connection] INFO Selenium_4_Tests.TestDevToolsNetworkInterception - HTTP response url: https://ecommerce-playground.lambdatest.io/image/catalog/maza/svg/logo3.svg
[CDP Connection] INFO Selenium_4_Tests.TestDevToolsNetworkInterception - HTTP response status: 200
[CDP Connection] INFO Selenium_4_Tests.TestDevToolsNetworkInterception - HTTP response status text: OK
[CDP Connection] INFO Selenium_4_Tests.TestDevToolsNetworkInterception - HTTP response headers: {Date=Thu, 28 Mar 2024 20:14:17 GMT, Last-Modified=Tue, 15 Mar 2022 11:26:22 GMT, Server=nginx, ETag="623077de-1ca7", Content-Type=image/svg+xml, Cache-Control=max-age=315360000, Connection=keep-alive, Accept-Ranges=bytes, Content-Length=7335, Expires=Thu, 31 Dec 2037 23:55:55 GMT}
[CDP Connection] INFO Selenium_4_Tests.TestDevToolsNetworkInterception - HTTP response protocol: Optional[http/1.1]
[CDP Connection] INFO Selenium_4_Tests.TestDevToolsNetworkInterception - HTTP response remote IP address: Optional[44.206.201.40]
[CDP Connection] INFO Selenium_4_Tests.TestDevToolsNetworkInterception - HTTP response remote port: Optional[443]
[CDP Connection] INFO Selenium_4_Tests.TestDevToolsNetworkInterception - HTTP response mime type: image/svg+xml
[CDP Connection] INFO Selenium_4_Tests.TestDevToolsNetworkInterception - HTTP response connection id: 138
[CDP Connection] INFO Selenium_4_Tests.TestDevToolsNetworkInterception - ---
[CDP Connection] INFO Selenium_4_Tests.TestDevToolsNetworkInterception - HTTP response received: 21604.72
[CDP Connection] INFO Selenium_4_Tests.TestDevToolsNetworkInterception - HTTP response url: https://ecommerce-playground.lambdatest.io/image/cache/transparent-252x315.webp
[CDP Connection] INFO Selenium_4_Tests.TestDevToolsNetworkInterception - HTTP response status: 200
[CDP Connection] INFO Selenium_4_Tests.TestDevToolsNetworkInterception - HTTP response status text: OK
[CDP Connection] INFO Selenium_4_Tests.TestDevToolsNetworkInterception - HTTP response headers: {Date=Thu, 28 Mar 2024 20:14:17 GMT, Last-Modified=Wed, 18 May 2022 09:21:04 GMT, Server=nginx, ETag="6284ba80-f4", Content-Type=image/webp, Connection=keep-alive, Accept-Ranges=bytes, Content-Length=244}
[CDP Connection] INFO Selenium_4_Tests.TestDevToolsNetworkInterception - HTTP response protocol: Optional[http/1.1]
[CDP Connection] INFO Selenium_4_Tests.TestDevToolsNetworkInterception - HTTP response remote IP address: Optional[44.206.201.40]
[CDP Connection] INFO Selenium_4_Tests.TestDevToolsNetworkInterception - HTTP response remote port: Optional[443]
[CDP Connection] INFO Selenium_4_Tests.TestDevToolsNetworkInterception - HTTP response mime type: image/webp
[CDP Connection] INFO Selenium_4_Tests.TestDevToolsNetworkInterception - HTTP response connection id: 282
[CDP Connection] INFO Selenium_4_Tests.TestDevToolsNetworkInterception - ---
[CDP Connection] INFO Selenium_4_Tests.TestDevToolsNetworkInterception - HTTP response received: 21604.512
[CDP Connection] INFO Selenium_4_Tests.TestDevToolsNetworkInterception - HTTP response url: https://ecommerce-playground.lambdatest.io/image/cache/transparent-430x323.webp
[CDP Connection] INFO Selenium_4_Tests.TestDevToolsNetworkInterception - HTTP response status: 200
[CDP Connection] INFO Selenium_4_Tests.TestDevToolsNetworkInterception - HTTP response status text: OK
[CDP Connection] INFO Selenium_4_Tests.TestDevToolsNetworkInterception - HTTP response headers: {Date=Thu, 28 Mar 2024 20:14:17 GMT, Last-Modified=Wed, 18 May 2022 09:21:07 GMT, Server=nginx, ETag="6284ba83-164", Content-Type=image/webp, Connection=keep-alive, Accept-Ranges=bytes, Content-Length=356}
[CDP Connection] INFO Selenium_4_Tests.TestDevToolsNetworkInterception - HTTP response protocol: Optional[http/1.1]
[CDP Connection] INFO Selenium_4_Tests.TestDevToolsNetworkInterception - HTTP response remote IP address: Optional[44.206.201.40]
[CDP Connection] INFO Selenium_4_Tests.TestDevToolsNetworkInterception - HTTP response remote port: Optional[443]
[CDP Connection] INFO Selenium_4_Tests.TestDevToolsNetworkInterception - HTTP response mime type: image/webp
[CDP Connection] INFO Selenium_4_Tests.TestDevToolsNetworkInterception - HTTP response connection id: 258
[CDP Connection] INFO Selenium_4_Tests.TestDevToolsNetworkInterception - ---
[CDP Connection] INFO Selenium_4_Tests.TestDevToolsNetworkInterception - HTTP response received: 21604.532
[CDP Connection] INFO Selenium_4_Tests.TestDevToolsNetworkInterception - HTTP response url: https://stackpath.bootstrapcdn.com/bootstrap/4.3.1/js/bootstrap.bundle.min.js
[CDP Connection] INFO Selenium_4_Tests.TestDevToolsNetworkInterception - HTTP response status: 200
[CDP Connection] INFO Selenium_4_Tests.TestDevToolsNetworkInterception - HTTP response status text: 
[CDP Connection] INFO Selenium_4_Tests.TestDevToolsNetworkInterception - HTTP response headers: {date=Thu, 28 Mar 2024 20:14:37 GMT, strict-transport-security=max-age=31536000; includeSubDomains; preload, x-content-type-options=nosniff, cf-cache-status=HIT, content-encoding=br, cdn-edgestorageid=878, age=11341990, cdn-cachedat=09/04/2022 07:27:08, cdn-pullzone=252412, cross-origin-resource-policy=cross-origin, alt-svc=h3=":443"; ma=86400, last-modified=Mon, 25 Jan 2021 22:04:08 GMT, cdn-proxyver=1.02, cdn-requestpullcode=200, server=cloudflare, etag=W/"a454220fc07088bf1fdd19313b6bfd50", vary=Accept-Encoding, content-type=application/javascript; charset=utf-8, access-control-allow-origin=*, cdn-cache=HIT, cdn-uid=b1941f61-b576-4f40-80de-5677acb38f74, cache-control=public, max-age=31919000, cdn-requestid=40336954201a2803434a4c1bb46d34d6, timing-allow-origin=*, cdn-requestcountrycode=US, cdn-status=200, cf-ray=86ba499c0cd5f7b8-BOG, cdn-requestpullsuccess=True}
[CDP Connection] INFO Selenium_4_Tests.TestDevToolsNetworkInterception - HTTP response protocol: Optional[h2]
[CDP Connection] INFO Selenium_4_Tests.TestDevToolsNetworkInterception - HTTP response remote IP address: Optional[[2606:4700::6812:acf]]
[CDP Connection] INFO Selenium_4_Tests.TestDevToolsNetworkInterception - HTTP response remote port: Optional[443]
[CDP Connection] INFO Selenium_4_Tests.TestDevToolsNetworkInterception - HTTP response mime type: application/javascript
[CDP Connection] INFO Selenium_4_Tests.TestDevToolsNetworkInterception - HTTP response connection id: 405
[CDP Connection] INFO Selenium_4_Tests.TestDevToolsNetworkInterception - ---
[CDP Connection] INFO Selenium_4_Tests.TestDevToolsNetworkInterception - HTTP response received: 21604.533
[CDP Connection] INFO Selenium_4_Tests.TestDevToolsNetworkInterception - HTTP response url: https://cdnjs.cloudflare.com/ajax/libs/jquery.lazy/1.7.9/jquery.lazy.min.js
[CDP Connection] INFO Selenium_4_Tests.TestDevToolsNetworkInterception - HTTP response status: 200
[CDP Connection] INFO Selenium_4_Tests.TestDevToolsNetworkInterception - HTTP response status text: 
[CDP Connection] INFO Selenium_4_Tests.TestDevToolsNetworkInterception - HTTP response headers: {date=Thu, 28 Mar 2024 20:14:37 GMT, content-encoding=br, x-content-type-options=nosniff, cf-cache-status=HIT, nel={"success_fraction":0.01,"report_to":"cf-nel","max_age":604800}, strict-transport-security=max-age=15780000, age=1289219, cross-origin-resource-policy=cross-origin, alt-svc=h3=":443"; ma=86400, content-length=2090, last-modified=Mon, 04 May 2020 16:11:47 GMT, server=cloudflare, cf-cdnjs-via=cfworker/kv, etag="5eb03ec3-139e", vary=Accept-Encoding, report-to={"endpoints":[{"url":"https:\/\/a.nel.cloudflare.com\/report\/v4?s=gCMRbQvOxi4IEmSiu9nrF9mMZBABHr%2BL8s6MFvC8ZIZzVFlZdu91lg0FA0F6JDH9Bb2OJyXM25zwIUiaxIdLXawExa0fdyL56r6WVAjy%2FBHVkPhW7HGmagqD8uL5LXqjMQ9qbmYsuZ5XaUlT8LtZZzcY"}],"group":"cf-nel","max_age":604800}, content-type=application/javascript; charset=utf-8, access-control-allow-origin=*, cache-control=public, max-age=30672000, accept-ranges=bytes, timing-allow-origin=*, cf-ray=86ba499c18133eb8-BOG, expires=Tue, 18 Mar 2025 20:14:37 GMT}
[CDP Connection] INFO Selenium_4_Tests.TestDevToolsNetworkInterception - HTTP response protocol: Optional[h3]
[CDP Connection] INFO Selenium_4_Tests.TestDevToolsNetworkInterception - HTTP response remote IP address: Optional[[2606:4700::6811:190e]]
[CDP Connection] INFO Selenium_4_Tests.TestDevToolsNetworkInterception - HTTP response remote port: Optional[443]
[CDP Connection] INFO Selenium_4_Tests.TestDevToolsNetworkInterception - HTTP response mime type: application/javascript
[CDP Connection] INFO Selenium_4_Tests.TestDevToolsNetworkInterception - HTTP response connection id: 0
[CDP Connection] INFO Selenium_4_Tests.TestDevToolsNetworkInterception - ---
[CDP Connection] INFO Selenium_4_Tests.TestDevToolsNetworkInterception - HTTP response received: 21604.536
[CDP Connection] INFO Selenium_4_Tests.TestDevToolsNetworkInterception - HTTP response url: https://ecommerce-playground.lambdatest.io/catalog/view/theme/mz_poco/asset/javascript/megastore-2.28/combine/41357f3bec157979f342eb03831b0a9dall.js
[CDP Connection] INFO Selenium_4_Tests.TestDevToolsNetworkInterception - HTTP response status: 200
[CDP Connection] INFO Selenium_4_Tests.TestDevToolsNetworkInterception - HTTP response status text: OK
[CDP Connection] INFO Selenium_4_Tests.TestDevToolsNetworkInterception - HTTP response headers: {Date=Thu, 28 Mar 2024 20:14:17 GMT, Last-Modified=Wed, 18 May 2022 09:21:33 GMT, Server=nginx, ETag="6284ba9d-d38e", Content-Type=application/javascript, Cache-Control=max-age=315360000, Connection=keep-alive, Accept-Ranges=bytes, Content-Length=54158, Expires=Thu, 31 Dec 2037 23:55:55 GMT}
[CDP Connection] INFO Selenium_4_Tests.TestDevToolsNetworkInterception - HTTP response protocol: Optional[http/1.1]
[CDP Connection] INFO Selenium_4_Tests.TestDevToolsNetworkInterception - HTTP response remote IP address: Optional[44.206.201.40]
[CDP Connection] INFO Selenium_4_Tests.TestDevToolsNetworkInterception - HTTP response remote port: Optional[443]
[CDP Connection] INFO Selenium_4_Tests.TestDevToolsNetworkInterception - HTTP response mime type: application/javascript
[CDP Connection] INFO Selenium_4_Tests.TestDevToolsNetworkInterception - HTTP response connection id: 138
[CDP Connection] INFO Selenium_4_Tests.TestDevToolsNetworkInterception - ---
[CDP Connection] INFO Selenium_4_Tests.TestDevToolsNetworkInterception - HTTP response received: 21604.534
[CDP Connection] INFO Selenium_4_Tests.TestDevToolsNetworkInterception - HTTP response url: https://cdnjs.cloudflare.com/ajax/libs/jquery.lazy/1.7.9/jquery.lazy.plugins.min.js
[CDP Connection] INFO Selenium_4_Tests.TestDevToolsNetworkInterception - HTTP response status: 200
[CDP Connection] INFO Selenium_4_Tests.TestDevToolsNetworkInterception - HTTP response status text: 
[CDP Connection] INFO Selenium_4_Tests.TestDevToolsNetworkInterception - HTTP response headers: {date=Thu, 28 Mar 2024 20:14:37 GMT, content-encoding=br, x-content-type-options=nosniff, cf-cache-status=HIT, nel={"success_fraction":0.01,"report_to":"cf-nel","max_age":604800}, strict-transport-security=max-age=15780000, age=703273, cross-origin-resource-policy=cross-origin, alt-svc=h3=":443"; ma=86400, content-length=1296, last-modified=Mon, 04 May 2020 16:11:47 GMT, server=cloudflare, cf-cdnjs-via=cfworker/kv, etag="5eb03ec3-113c", vary=Accept-Encoding, report-to={"endpoints":[{"url":"https:\/\/a.nel.cloudflare.com\/report\/v4?s=YIfdFBkaoAUx74qUNaSMDjHDDqMhlS0zC0CBkG6owr60GzkYATPvxIZaCvlv2sibeAG%2FlK%2FJx%2BWvVt%2Flr9%2Bq2u5dxPVtScspkYTn0%2BYvbcEVFiyfaIF1JaP4nhogX7WcL07GrB2UL8qY6JtNM4P4NVJv"}],"group":"cf-nel","max_age":604800}, content-type=application/javascript; charset=utf-8, access-control-allow-origin=*, cache-control=public, max-age=30672000, accept-ranges=bytes, timing-allow-origin=*, cf-ray=86ba499c18193eb8-BOG, expires=Tue, 18 Mar 2025 20:14:37 GMT}
[CDP Connection] INFO Selenium_4_Tests.TestDevToolsNetworkInterception - HTTP response protocol: Optional[h3]
[CDP Connection] INFO Selenium_4_Tests.TestDevToolsNetworkInterception - HTTP response remote IP address: Optional[[2606:4700::6811:190e]]
[CDP Connection] INFO Selenium_4_Tests.TestDevToolsNetworkInterception - HTTP response remote port: Optional[443]
[CDP Connection] INFO Selenium_4_Tests.TestDevToolsNetworkInterception - HTTP response mime type: application/javascript
[CDP Connection] INFO Selenium_4_Tests.TestDevToolsNetworkInterception - HTTP response connection id: 0
[CDP Connection] INFO Selenium_4_Tests.TestDevToolsNetworkInterception - ---
[CDP Connection] INFO Selenium_4_Tests.TestDevToolsNetworkInterception - HTTP response received: 21604.806
[CDP Connection] INFO Selenium_4_Tests.TestDevToolsNetworkInterception - HTTP response url: https://ecommerce-playground.lambdatest.io/image/cache/catalog/maza/demo/mz_poco/megastore-2/banner/parallex-image-1920x1080.webp
[CDP Connection] INFO Selenium_4_Tests.TestDevToolsNetworkInterception - HTTP response status: 200
[CDP Connection] INFO Selenium_4_Tests.TestDevToolsNetworkInterception - HTTP response status text: OK
[CDP Connection] INFO Selenium_4_Tests.TestDevToolsNetworkInterception - HTTP response headers: {Date=Thu, 28 Mar 2024 20:14:17 GMT, Last-Modified=Wed, 18 May 2022 09:21:03 GMT, Server=nginx, ETag="6284ba7f-5e36", Content-Type=image/webp, Connection=keep-alive, Accept-Ranges=bytes, Content-Length=24118}
[CDP Connection] INFO Selenium_4_Tests.TestDevToolsNetworkInterception - HTTP response protocol: Optional[http/1.1]
[CDP Connection] INFO Selenium_4_Tests.TestDevToolsNetworkInterception - HTTP response remote IP address: Optional[44.206.201.40]
[CDP Connection] INFO Selenium_4_Tests.TestDevToolsNetworkInterception - HTTP response remote port: Optional[443]
[CDP Connection] INFO Selenium_4_Tests.TestDevToolsNetworkInterception - HTTP response mime type: image/webp
[CDP Connection] INFO Selenium_4_Tests.TestDevToolsNetworkInterception - HTTP response connection id: 144
[CDP Connection] INFO Selenium_4_Tests.TestDevToolsNetworkInterception - ---
[CDP Connection] INFO Selenium_4_Tests.TestDevToolsNetworkInterception - HTTP response received: 21604.530
[CDP Connection] INFO Selenium_4_Tests.TestDevToolsNetworkInterception - HTTP response url: https://fonts.googleapis.com/css2?family=Nunito+Sans:wght@300;400;600;700;900&display=swap
[CDP Connection] INFO Selenium_4_Tests.TestDevToolsNetworkInterception - HTTP response status: 200
[CDP Connection] INFO Selenium_4_Tests.TestDevToolsNetworkInterception - HTTP response status text: 
[CDP Connection] INFO Selenium_4_Tests.TestDevToolsNetworkInterception - HTTP response headers: {strict-transport-security=max-age=31536000, date=Thu, 28 Mar 2024 20:14:37 GMT, content-encoding=gzip, x-content-type-options=nosniff, cross-origin-resource-policy=cross-origin, alt-svc=h3=":443"; ma=2592000,h3-29=":443"; ma=2592000, x-xss-protection=0, last-modified=Thu, 28 Mar 2024 20:14:37 GMT, server=ESF, cross-origin-opener-policy=same-origin-allow-popups, x-frame-options=SAMEORIGIN, content-type=text/css; charset=utf-8, access-control-allow-origin=*, cache-control=private, max-age=86400, stale-while-revalidate=604800, timing-allow-origin=*, link=<https://fonts.gstatic.com>; rel=preconnect; crossorigin, expires=Thu, 28 Mar 2024 20:14:37 GMT}
[CDP Connection] INFO Selenium_4_Tests.TestDevToolsNetworkInterception - HTTP response protocol: Optional[h2]
[CDP Connection] INFO Selenium_4_Tests.TestDevToolsNetworkInterception - HTTP response remote IP address: Optional[[2800:3f0:4005:411::200a]]
[CDP Connection] INFO Selenium_4_Tests.TestDevToolsNetworkInterception - HTTP response remote port: Optional[443]
[CDP Connection] INFO Selenium_4_Tests.TestDevToolsNetworkInterception - HTTP response mime type: text/css
[CDP Connection] INFO Selenium_4_Tests.TestDevToolsNetworkInterception - HTTP response connection id: 390
[CDP Connection] INFO Selenium_4_Tests.TestDevToolsNetworkInterception - ---
[CDP Connection] INFO Selenium_4_Tests.TestDevToolsNetworkInterception - HTTP response received: 21604.531
[CDP Connection] INFO Selenium_4_Tests.TestDevToolsNetworkInterception - HTTP response url: https://use.fontawesome.com/releases/v5.12.0/css/all.css
[CDP Connection] INFO Selenium_4_Tests.TestDevToolsNetworkInterception - HTTP response status: 200
[CDP Connection] INFO Selenium_4_Tests.TestDevToolsNetworkInterception - HTTP response status text: 
[CDP Connection] INFO Selenium_4_Tests.TestDevToolsNetworkInterception - HTTP response headers: {date=Thu, 28 Mar 2024 20:14:37 GMT, content-encoding=br, cf-cache-status=HIT, last-modified=Fri, 22 Sep 2023 01:45:03 GMT, nel={"success_fraction":0,"report_to":"cf-nel","max_age":604800}, server=cloudflare, age=2595726, etag=W/"500d1a92f875b1d96d37a3a3f8f0438c", vary=Accept-Encoding, report-to={"endpoints":[{"url":"https:\/\/a.nel.cloudflare.com\/report\/v4?s=ZSSwgERnOIVJhw8gMi7b2me1RoJhosHv%2Bb7RMo2uIBbeFopxR8ujHiYqNMpdVqLZjRufEA%2BBdgSvMDTqg9tN07kgoZD7bShhDRMHa4iuyJCqwx9y1HvSyRH79kT0Ukg17qOMC47BkKg5z1H09IPCCmUx"}],"group":"cf-nel","max_age":604800}, content-type=text/css, cache-control=max-age=31556926, cf-ray=86ba499c6a521277-MIA, alt-svc=h3=":443"; ma=86400}
[CDP Connection] INFO Selenium_4_Tests.TestDevToolsNetworkInterception - HTTP response protocol: Optional[h2]
[CDP Connection] INFO Selenium_4_Tests.TestDevToolsNetworkInterception - HTTP response remote IP address: Optional[[2606:4700:e6::ac40:ce26]]
[CDP Connection] INFO Selenium_4_Tests.TestDevToolsNetworkInterception - HTTP response remote port: Optional[443]
[CDP Connection] INFO Selenium_4_Tests.TestDevToolsNetworkInterception - HTTP response mime type: text/css
[CDP Connection] INFO Selenium_4_Tests.TestDevToolsNetworkInterception - HTTP response connection id: 400
[CDP Connection] INFO Selenium_4_Tests.TestDevToolsNetworkInterception - ---
[CDP Connection] INFO Selenium_4_Tests.TestDevToolsNetworkInterception - HTTP response received: 21604.1085
[CDP Connection] INFO Selenium_4_Tests.TestDevToolsNetworkInterception - HTTP response url: https://fonts.gstatic.com/s/nunitosans/v15/pe0TMImSLYBIv1o4X1M8ce2xCx3yop4tQpF_MeTm0lfGWVpNn64CL7U8upHZIbMV51Q42ptCp7t1R-s.woff2
[CDP Connection] INFO Selenium_4_Tests.TestDevToolsNetworkInterception - HTTP response status: 200
[CDP Connection] INFO Selenium_4_Tests.TestDevToolsNetworkInterception - HTTP response status text: 
[CDP Connection] INFO Selenium_4_Tests.TestDevToolsNetworkInterception - HTTP response headers: {date=Tue, 26 Mar 2024 15:48:14 GMT, x-content-type-options=nosniff, age=188783, content-security-policy-report-only=require-trusted-types-for 'script'; report-uri https://csp.withgoogle.com/csp/apps-themes, cross-origin-resource-policy=cross-origin, alt-svc=h3=":443"; ma=2592000,h3-29=":443"; ma=2592000, content-length=31052, x-xss-protection=0, last-modified=Thu, 27 Apr 2023 00:27:41 GMT, server=sffe, cross-origin-opener-policy=same-origin; report-to="apps-themes", report-to={"group":"apps-themes","max_age":2592000,"endpoints":[{"url":"https://csp.withgoogle.com/csp/report-to/apps-themes"}]}, content-type=font/woff2, access-control-allow-origin=*, cache-control=public, max-age=31536000, accept-ranges=bytes, timing-allow-origin=*, expires=Wed, 26 Mar 2025 15:48:14 GMT}
[CDP Connection] INFO Selenium_4_Tests.TestDevToolsNetworkInterception - HTTP response protocol: Optional[h2]
[CDP Connection] INFO Selenium_4_Tests.TestDevToolsNetworkInterception - HTTP response remote IP address: Optional[[2800:3f0:4005:40b::2003]]
[CDP Connection] INFO Selenium_4_Tests.TestDevToolsNetworkInterception - HTTP response remote port: Optional[443]
[CDP Connection] INFO Selenium_4_Tests.TestDevToolsNetworkInterception - HTTP response mime type: font/woff2
[CDP Connection] INFO Selenium_4_Tests.TestDevToolsNetworkInterception - HTTP response connection id: 453
[CDP Connection] INFO Selenium_4_Tests.TestDevToolsNetworkInterception - ---
[CDP Connection] INFO Selenium_4_Tests.TestDevToolsNetworkInterception - HTTP response received: 21604.1113
[CDP Connection] INFO Selenium_4_Tests.TestDevToolsNetworkInterception - HTTP response url: https://use.fontawesome.com/releases/v5.12.0/webfonts/fa-solid-900.woff2
[CDP Connection] INFO Selenium_4_Tests.TestDevToolsNetworkInterception - HTTP response status: 200
[CDP Connection] INFO Selenium_4_Tests.TestDevToolsNetworkInterception - HTTP response status text: 
[CDP Connection] INFO Selenium_4_Tests.TestDevToolsNetworkInterception - HTTP response headers: {date=Thu, 28 Mar 2024 20:14:37 GMT, cf-cache-status=HIT, nel={"success_fraction":0,"report_to":"cf-nel","max_age":604800}, age=2593866, alt-svc=h3=":443"; ma=86400, content-length=76084, last-modified=Fri, 22 Sep 2023 01:45:05 GMT, server=cloudflare, etag="f6121be597a72928f54e7ab5b95512a1", vary=Origin, Accept-Encoding, report-to={"endpoints":[{"url":"https:\/\/a.nel.cloudflare.com\/report\/v4?s=oCdSWRxqNAwqMtQ1ZqPmC%2Bg5Li4FDgk%2FiTZzOPeeH5pQ117LGFZx7gDeaZ8OuP%2F7qm5uGqKzJdqaZAJaH1LsFF7%2BGWse3sBlztWFPYZKIwK1Yax2q%2BV0jk0FL27eGKAD%2Bc8U3ChLEaS3TvZvDm%2BCrlVp"}],"group":"cf-nel","max_age":604800}, content-type=font/woff2, access-control-allow-origin=*, cache-control=max-age=31556926, accept-ranges=bytes, cf-ray=86ba499defbb7448-MIA}
[CDP Connection] INFO Selenium_4_Tests.TestDevToolsNetworkInterception - HTTP response protocol: Optional[h2]
[CDP Connection] INFO Selenium_4_Tests.TestDevToolsNetworkInterception - HTTP response remote IP address: Optional[[2606:4700:e6::ac40:ce26]]
[CDP Connection] INFO Selenium_4_Tests.TestDevToolsNetworkInterception - HTTP response remote port: Optional[443]
[CDP Connection] INFO Selenium_4_Tests.TestDevToolsNetworkInterception - HTTP response mime type: font/woff2
[CDP Connection] INFO Selenium_4_Tests.TestDevToolsNetworkInterception - HTTP response connection id: 488
[CDP Connection] INFO Selenium_4_Tests.TestDevToolsNetworkInterception - ---
]]></system-err>
  </testcase>
  <testcase name="networkFetchTracking" classname="Selenium_4_Tests.TestDevToolsNetworkInterception" time="2.049"/>
  <testcase name="interceptNetworkRequests" classname="Selenium_4_Tests.TestDevToolsNetworkInterception" time="2.19"/>
</testsuite>