<?xml version="1.0" encoding="UTF-8"?>
<testsuite xmlns:xsi="http://www.w3.org/2001/XMLSchema-instance" xsi:noNamespaceSchemaLocation="https://maven.apache.org/surefire/maven-surefire-plugin/xsd/surefire-test-report-3.0.xsd" version="3.0" name="Selenium_4_Tests_Practice.AccessibilityTest" time="13.179" tests="2" errors="0" skipped="0" failures="0">
  <properties>
[...]
</properties>
  <testcase name="accessibilityTestForWebElement" classname="Selenium_4_Tests_Practice.AccessibilityTest" time="7.3">
    <system-err><![CDATA[[main] INFO Selenium_4_Tests_Practice.AccessibilityTest - Violations found: [Rule{id='duplicate-id', description='Ensures every id attribute value is unique', help='id attribute value must be unique', helpUrl='https://dequeuniversity.com/rules/axe/4.7/duplicate-id?application=axeAPI', impact='minor', tags=[cat.parsing, wcag2a, wcag411], nodes=[CheckedNode{target='[#entry_217822 > .search-wrapper > form[method="GET"] > .d-flex]', html='<div id="search" class="d-flex">', impact='minor', failureSummary='Fix any of the following:
  Document has multiple static elements with the same id attribute: search', any='[CheckedNode{id='duplicate-id', impact='minor', message='Document has multiple static elements with the same id attribute: search', data='search', relatedNodes='[Node{target='[#entry_217836 > .search-wrapper > form[method="GET"] > .d-flex]', html='<div id="search" class="d-flex">'}]'}]', all='[]', none='[]'}], url='null', createdDate='null'}, Rule{id='image-alt', description='Ensures <img> elements have alternate text or a role of none or presentation', help='Images must have alternate text', helpUrl='https://dequeuniversity.com/rules/axe/4.7/image-alt?application=axeAPI', impact='critical', tags=[cat.text-alternatives, wcag2a, wcag111, section508, section508.22.a, ACT, TTv5, TT7.a, TT7.b], nodes=[CheckedNode{target='[.mr-4]', html='<img src="image/catalog/maza/demo/mz_poco/megastore-2/html-1.png" class="mr-4 d-none d-lg-inline flex-shrink-0">', impact='critical', failureSummary='Fix any of the following:
  Element does not have an alt attribute
  aria-label attribute does not exist or is empty
  aria-labelledby attribute does not exist, references elements that do not exist or references elements that are empty
  Element has no title attribute
  Element's default semantics were not overridden with role="none" or role="presentation"', any='[CheckedNode{id='has-alt', impact='critical', message='Element does not have an alt attribute', data='null', relatedNodes='[]'}, CheckedNode{id='aria-label', impact='serious', message='aria-label attribute does not exist or is empty', data='null', relatedNodes='[]'}, CheckedNode{id='aria-labelledby', impact='serious', message='aria-labelledby attribute does not exist, references elements that do not exist or references elements that are empty', data='null', relatedNodes='[]'}, CheckedNode{id='non-empty-title', impact='serious', message='Element has no title attribute', data='{messageKey=noAttr}', relatedNodes='[]'}, CheckedNode{id='presentational-role', impact='minor', message='Element's default semantics were not overridden with role="none" or role="presentation"', data='null', relatedNodes='[]'}]', all='[]', none='[]'}], url='null', createdDate='null'}, Rule{id='link-name', description='Ensures links have discernible text', help='Links must have discernible text', helpUrl='https://dequeuniversity.com/rules/axe/4.7/link-name?application=axeAPI', impact='serious', tags=[cat.name-role-value, wcag2a, wcag412, wcag244, section508, section508.22.a, ACT, TTv5, TT6.a], nodes=[CheckedNode{target='[a[href$="#section-244630449"]]', html='<a href="#section-244630449" data-toggle="collapse" role="button" aria-expanded="false" aria-controls="section-244630449" class="icon-left icon text-reset" target="_self" aria-label=""> <i class="icon fas fa-times"></i> </a>', impact='serious', failureSummary='Fix all of the following:
  Element is in tab order and does not have accessible text

Fix any of the following:
  Element does not have text that is visible to screen readers
  aria-label attribute does not exist or is empty
  aria-labelledby attribute does not exist, references elements that do not exist or references elements that are empty
  Element has no title attribute', any='[CheckedNode{id='has-visible-text', impact='minor', message='Element does not have text that is visible to screen readers', data='null', relatedNodes='[]'}, CheckedNode{id='aria-label', impact='serious', message='aria-label attribute does not exist or is empty', data='null', relatedNodes='[]'}, CheckedNode{id='aria-labelledby', impact='serious', message='aria-labelledby attribute does not exist, references elements that do not exist or references elements that are empty', data='null', relatedNodes='[]'}, CheckedNode{id='non-empty-title', impact='serious', message='Element has no title attribute', data='{messageKey=noAttr}', relatedNodes='[]'}]', all='[]', none='[CheckedNode{id='focusable-no-name', impact='serious', message='Element is in tab order and does not have accessible text', data='null', relatedNodes='[]'}]'}], url='null', createdDate='null'}]
[main] INFO Selenium_4_Tests_Practice.AccessibilityTest - Rule Violation: id attribute value must be unique 	Id: duplicate-id 	Help: id attribute value must be unique
[main] ERROR Selenium_4_Tests_Practice.AccessibilityTest - Accessibility Error Tag: cat.parsing
[main] ERROR Selenium_4_Tests_Practice.AccessibilityTest - Accessibility Error Tag: wcag2a
[main] ERROR Selenium_4_Tests_Practice.AccessibilityTest - Accessibility Error Tag: wcag411
]]></system-err>
  </testcase>
  <testcase name="accessibilityTest" classname="Selenium_4_Tests_Practice.AccessibilityTest" time="5.876">
    <system-err><![CDATA[[main] INFO Selenium_4_Tests_Practice.AccessibilityTest - Violations: [Rule{id='duplicate-id', description='Ensures every id attribute value is unique', help='id attribute value must be unique', helpUrl='https://dequeuniversity.com/rules/axe/4.7/duplicate-id?application=axeAPI', impact='minor', tags=[cat.parsing, wcag2a, wcag411], nodes=[CheckedNode{target='[#entry_217822 > .search-wrapper > form[method="GET"] > .d-flex]', html='<div id="search" class="d-flex">', impact='minor', failureSummary='Fix any of the following:
  Document has multiple static elements with the same id attribute: search', any='[CheckedNode{id='duplicate-id', impact='minor', message='Document has multiple static elements with the same id attribute: search', data='search', relatedNodes='[Node{target='[#entry_217836 > .search-wrapper > form[method="GET"] > .d-flex]', html='<div id="search" class="d-flex">'}]'}]', all='[]', none='[]'}], url='null', createdDate='null'}, Rule{id='image-alt', description='Ensures <img> elements have alternate text or a role of none or presentation', help='Images must have alternate text', helpUrl='https://dequeuniversity.com/rules/axe/4.7/image-alt?application=axeAPI', impact='critical', tags=[cat.text-alternatives, wcag2a, wcag111, section508, section508.22.a, ACT, TTv5, TT7.a, TT7.b], nodes=[CheckedNode{target='[.mr-4]', html='<img src="image/catalog/maza/demo/mz_poco/megastore-2/html-1.png" class="mr-4 d-none d-lg-inline flex-shrink-0">', impact='critical', failureSummary='Fix any of the following:
  Element does not have an alt attribute
  aria-label attribute does not exist or is empty
  aria-labelledby attribute does not exist, references elements that do not exist or references elements that are empty
  Element has no title attribute
  Element's default semantics were not overridden with role="none" or role="presentation"', any='[CheckedNode{id='has-alt', impact='critical', message='Element does not have an alt attribute', data='null', relatedNodes='[]'}, CheckedNode{id='aria-label', impact='serious', message='aria-label attribute does not exist or is empty', data='null', relatedNodes='[]'}, CheckedNode{id='aria-labelledby', impact='serious', message='aria-labelledby attribute does not exist, references elements that do not exist or references elements that are empty', data='null', relatedNodes='[]'}, CheckedNode{id='non-empty-title', impact='serious', message='Element has no title attribute', data='{messageKey=noAttr}', relatedNodes='[]'}, CheckedNode{id='presentational-role', impact='minor', message='Element's default semantics were not overridden with role="none" or role="presentation"', data='null', relatedNodes='[]'}]', all='[]', none='[]'}], url='null', createdDate='null'}, Rule{id='link-name', description='Ensures links have discernible text', help='Links must have discernible text', helpUrl='https://dequeuniversity.com/rules/axe/4.7/link-name?application=axeAPI', impact='serious', tags=[cat.name-role-value, wcag2a, wcag412, wcag244, section508, section508.22.a, ACT, TTv5, TT6.a], nodes=[CheckedNode{target='[a[href$="#section-244630449"]]', html='<a href="#section-244630449" data-toggle="collapse" role="button" aria-expanded="false" aria-controls="section-244630449" class="icon-left icon text-reset" target="_self" aria-label=""> <i class="icon fas fa-times"></i> </a>', impact='serious', failureSummary='Fix all of the following:
  Element is in tab order and does not have accessible text

Fix any of the following:
  Element does not have text that is visible to screen readers
  aria-label attribute does not exist or is empty
  aria-labelledby attribute does not exist, references elements that do not exist or references elements that are empty
  Element has no title attribute', any='[CheckedNode{id='has-visible-text', impact='minor', message='Element does not have text that is visible to screen readers', data='null', relatedNodes='[]'}, CheckedNode{id='aria-label', impact='serious', message='aria-label attribute does not exist or is empty', data='null', relatedNodes='[]'}, CheckedNode{id='aria-labelledby', impact='serious', message='aria-labelledby attribute does not exist, references elements that do not exist or references elements that are empty', data='null', relatedNodes='[]'}, CheckedNode{id='non-empty-title', impact='serious', message='Element has no title attribute', data='{messageKey=noAttr}', relatedNodes='[]'}]', all='[]', none='[CheckedNode{id='focusable-no-name', impact='serious', message='Element is in tab order and does not have accessible text', data='null', relatedNodes='[]'}]'}], url='null', createdDate='null'}]
]]></system-err>
  </testcase>
</testsuite>