<?xml version="1.0" encoding="UTF-8"?>
<testsuite xmlns:xsi="http://www.w3.org/2001/XMLSchema-instance" xsi:noNamespaceSchemaLocation="https://maven.apache.org/surefire/maven-surefire-plugin/xsd/surefire-test-report-3.0.xsd" version="3.0" name="Selenium_4_Tests.TestDevToolsConsoleLogs" time="10.187" tests="1" errors="0" skipped="0" failures="0">
  <properties>
[...]
</properties>
  <testcase name="viewBrowserConsoleLogs" classname="Selenium_4_Tests.TestDevToolsConsoleLogs" time="10.147">
    <system-err><![CDATA[SLF4J(I): Connected with provider of type [org.slf4j.simple.SimpleServiceProvider]
[CDP Connection] INFO Selenium_4_Tests.TestDevToolsConsoleLogs - --------
[CDP Connection] INFO Selenium_4_Tests.TestDevToolsConsoleLogs - Level: warning
[CDP Connection] INFO Selenium_4_Tests.TestDevToolsConsoleLogs - Text: Tracking Prevention blocked access to storage for https://www.googleadservices.com/pagead/ar-adview/?nrh={%22aggregation_keys%22:{%221%22:%220x3d152ae7c30569ed0000000000000000%22,%222%22:%220xae8137c34d0327380000000000000000%22,%223%22:%220x421c60b8346693960000000000000000%22,%224%22:%220xde5c9ae4ef846eb60000000000000000%22,%225%22:%220x895984c55a891bb80000000000000000%22},%22debug_key%22:%225330023157218731146%22,%22debug_reporting%22:true,%22destination%22:%22https://instagram.com%22,%22event_report_window%22:%22259200%22,%22expiry%22:%222592000%22,%22filter_data%22:{%222%22:[%2216494785619%22],%2222%22:[%22true%22],%224%22:[%2203-28%22],%226%22:[%22true%22]},%22priority%22:%22500%22,%22source_event_id%22:%228755559216177953921%22}&andc=true.
[CDP Connection] INFO Selenium_4_Tests.TestDevToolsConsoleLogs - URL: Optional[https://my-location.org/]
[CDP Connection] INFO Selenium_4_Tests.TestDevToolsConsoleLogs - Timestamp: 1.711656569998024E12
[CDP Connection] INFO Selenium_4_Tests.TestDevToolsConsoleLogs - StackTrace: Optional.empty
[CDP Connection] INFO Selenium_4_Tests.TestDevToolsConsoleLogs - --------
[CDP Connection] INFO Selenium_4_Tests.TestDevToolsConsoleLogs - --------
[CDP Connection] INFO Selenium_4_Tests.TestDevToolsConsoleLogs - Level: warning
[CDP Connection] INFO Selenium_4_Tests.TestDevToolsConsoleLogs - Text: Tracking Prevention blocked access to storage for https://www.googleadservices.com/pagead/ar-adview/?nrh={%22aggregation_keys%22:{%221%22:%220x3d152ae7c30569ed0000000000000000%22,%222%22:%220xae8137c34d0327380000000000000000%22,%223%22:%220x421c60b8346693960000000000000000%22,%224%22:%220xdfc9aff8f2185c630000000000000000%22,%225%22:%220x895984c55a891bb80000000000000000%22},%22debug_key%22:%225709736343858507062%22,%22debug_reporting%22:true,%22destination%22:%22https://tostao.com%22,%22event_report_window%22:%22259200%22,%22expiry%22:%222592000%22,%22filter_data%22:{%222%22:[%2216494785619%22],%2222%22:[%22true%22],%224%22:[%2203-28%22],%226%22:[%22true%22]},%22priority%22:%22500%22,%22source_event_id%22:%229091798220161846833%22}&andc=true.
[CDP Connection] INFO Selenium_4_Tests.TestDevToolsConsoleLogs - URL: Optional[https://my-location.org/]
[CDP Connection] INFO Selenium_4_Tests.TestDevToolsConsoleLogs - --------
[CDP Connection] INFO Selenium_4_Tests.TestDevToolsConsoleLogs - Level: warning
[CDP Connection] INFO Selenium_4_Tests.TestDevToolsConsoleLogs - Timestamp: 1.711656570031872E12
[CDP Connection] INFO Selenium_4_Tests.TestDevToolsConsoleLogs - Text: Tracking Prevention blocked access to storage for https://www.googleadservices.com/pagead/ar-adview/?nrh={%22aggregation_keys%22:{%221%22:%220x3d152ae7c30569ed0000000000000000%22,%222%22:%220xae8137c34d0327380000000000000000%22,%223%22:%220x421c60b8346693960000000000000000%22,%224%22:%220xdfc9aff8f2185c630000000000000000%22,%225%22:%220x895984c55a891bb80000000000000000%22},%22debug_key%22:%225709736343858507062%22,%22debug_reporting%22:true,%22destination%22:%22https://tostao.com%22,%22event_report_window%22:%22259200%22,%22expiry%22:%222592000%22,%22filter_data%22:{%222%22:[%2216494785619%22],%2222%22:[%22true%22],%224%22:[%2203-28%22],%226%22:[%22true%22]},%22priority%22:%22500%22,%22source_event_id%22:%229091798220161846833%22}&andc=true.
[CDP Connection] INFO Selenium_4_Tests.TestDevToolsConsoleLogs - URL: Optional[https://my-location.org/]
[CDP Connection] INFO Selenium_4_Tests.TestDevToolsConsoleLogs - StackTrace: Optional.empty
[CDP Connection] INFO Selenium_4_Tests.TestDevToolsConsoleLogs - Timestamp: 1.711656570031935E12
[CDP Connection] INFO Selenium_4_Tests.TestDevToolsConsoleLogs - --------
[CDP Connection] INFO Selenium_4_Tests.TestDevToolsConsoleLogs - StackTrace: Optional.empty
[CDP Connection] INFO Selenium_4_Tests.TestDevToolsConsoleLogs - --------
[CDP Connection] INFO Selenium_4_Tests.TestDevToolsConsoleLogs - --------
[CDP Connection] INFO Selenium_4_Tests.TestDevToolsConsoleLogs - Level: warning
[CDP Connection] INFO Selenium_4_Tests.TestDevToolsConsoleLogs - Text: Tracking Prevention blocked access to storage for https://googleads.g.doubleclick.net/pagead/adview?ai=CAbWXd84FZvfhBtyC3rsP_fCXwAXWyL3EcJj6-t_1EK2Y0M2ABxABIKnJ7gRgq7nkgZwGoAGm1YLFA8gBCakCnU0m92_U8T2oAwHIA8sEqgTTAU_QkXdqzMZatpu1PdD9ahWjx1comsdsIlKrvXHRNnZPowqdiUQZIscQFcvUUgxhHqkyCBAIEE1x2QDuXYXRzgRFGx4X8m0M-V6_wDB0dcnH0HjqomoGzGc2u1nS3G3VK0nKoWGgovPNgD0tB2b_mPVDktIJIs4b6W5o2QCkWGS12jEcmHT8eBYtEvgumYW2Ux4rVFflhH9h5eouSplFwWZGn6OYZyjetrrhnShs0Ww-GF8zwrGHRaQtSZXPJlHacS0y1yMKbRQBoqRIfv8cca5xbFfABPnLz7uiBIgFkryZiUaSBQQIBBgBkgUECAUYBKAGLoAHwqr9OqgH2baxAqgHr76xAqgH1ckbqAemvhuoB47OG6gHk9gbqAfulrECqAf-nrEC2AcA8gcEENq_A9IIJAiAYRABGB8yAooCOgmAQIDAgICAoChIvf3BOljo2qPN4ZeFA5oJhAFodHRwczovL2NvcnRlc2lhcy5lbGNvbG9tYmlhbm8uY29tL2NvbG9tYmlhbm8vY29ydGVzaWFzI3V0bV9zb3VyY2U9RGlzcGxheSZ1dG1fbWVkaXVtPUNQTCZ1dG1fY2FtcGFpZ249Q29ydGVzaWFzXzE1ZGlhcyZ1dG1fY29udGVudD2ACgHICwHaDBAKChCwjMiCr7nD0GoSAgEDuBPkA9gTDYgUA9AVAZgWAYAXAbIXHAoaCAASFHB1Yi0yODI4NjA0NzAyMDg5NjM4GACyGAkSAs9qGC4iAQA&sigh=dOxiZwRK2w4&uach_m=%5BUACH%5D&ase=2&cid=CAQSTwB7FLtqYAe_mHJMG2sc477OX4pk8xQ56vGdzOBOh_WqW_opyGQqsb2cSRZbJxpMoNPSSnNGD5LflB5G2cYOC2CVoGce5JOnXedPWFOTLOUYAQ&template_id=484&cbvp=2&vis=1&nis=5.
[CDP Connection] INFO Selenium_4_Tests.TestDevToolsConsoleLogs - URL: Optional[https://my-location.org/]
[CDP Connection] INFO Selenium_4_Tests.TestDevToolsConsoleLogs - --------
[CDP Connection] INFO Selenium_4_Tests.TestDevToolsConsoleLogs - Timestamp: 1.711656570116668E12
[CDP Connection] INFO Selenium_4_Tests.TestDevToolsConsoleLogs - Level: warning
[CDP Connection] INFO Selenium_4_Tests.TestDevToolsConsoleLogs - StackTrace: Optional.empty
[CDP Connection] INFO Selenium_4_Tests.TestDevToolsConsoleLogs - Text: Tracking Prevention blocked access to storage for https://tpc.googlesyndication.com/sodar/sodar2.js.
[CDP Connection] INFO Selenium_4_Tests.TestDevToolsConsoleLogs - --------
[CDP Connection] INFO Selenium_4_Tests.TestDevToolsConsoleLogs - URL: Optional[https://my-location.org/]
[CDP Connection] INFO Selenium_4_Tests.TestDevToolsConsoleLogs - Timestamp: 1.711656570117656E12
[CDP Connection] INFO Selenium_4_Tests.TestDevToolsConsoleLogs - StackTrace: Optional.empty
[CDP Connection] INFO Selenium_4_Tests.TestDevToolsConsoleLogs - --------
[CDP Connection] INFO Selenium_4_Tests.TestDevToolsConsoleLogs - --------
[CDP Connection] INFO Selenium_4_Tests.TestDevToolsConsoleLogs - Level: warning
[CDP Connection] INFO Selenium_4_Tests.TestDevToolsConsoleLogs - Text: Tracking Prevention blocked access to storage for https://tpc.googlesyndication.com/sodar/sodar2.js.
[CDP Connection] INFO Selenium_4_Tests.TestDevToolsConsoleLogs - URL: Optional[https://my-location.org/]
[CDP Connection] INFO Selenium_4_Tests.TestDevToolsConsoleLogs - Timestamp: 1.711656570118402E12
[CDP Connection] INFO Selenium_4_Tests.TestDevToolsConsoleLogs - StackTrace: Optional.empty
[CDP Connection] INFO Selenium_4_Tests.TestDevToolsConsoleLogs - --------
[CDP Connection] INFO Selenium_4_Tests.TestDevToolsConsoleLogs - --------
[CDP Connection] INFO Selenium_4_Tests.TestDevToolsConsoleLogs - Level: warning
[CDP Connection] INFO Selenium_4_Tests.TestDevToolsConsoleLogs - Text: Tracking Prevention blocked access to storage for https://www.googleadservices.com/pagead/ar-adview/?nrh={%22aggregation_keys%22:{%221%22:%220x3d152ae7c30569ed0000000000000000%22,%222%22:%220xae8137c34d0327380000000000000000%22,%223%22:%220x421c60b8346693960000000000000000%22,%224%22:%220xdfc9aff8f2185c630000000000000000%22,%225%22:%220x895984c55a891bb80000000000000000%22},%22debug_key%22:%225709736343858507062%22,%22debug_reporting%22:true,%22destination%22:%22https://tostao.com%22,%22event_report_window%22:%22259200%22,%22expiry%22:%222592000%22,%22filter_data%22:{%222%22:[%2216494785619%22],%2222%22:[%22true%22],%224%22:[%2203-28%22],%226%22:[%22true%22]},%22priority%22:%22500%22,%22source_event_id%22:%229091798220161846833%22}&andc=true.
[CDP Connection] INFO Selenium_4_Tests.TestDevToolsConsoleLogs - URL: Optional[https://my-location.org/]
[CDP Connection] INFO Selenium_4_Tests.TestDevToolsConsoleLogs - Timestamp: 1.711656570149395E12
[CDP Connection] INFO Selenium_4_Tests.TestDevToolsConsoleLogs - StackTrace: Optional.empty
[CDP Connection] INFO Selenium_4_Tests.TestDevToolsConsoleLogs - --------
[CDP Connection] INFO Selenium_4_Tests.TestDevToolsConsoleLogs - --------
[CDP Connection] INFO Selenium_4_Tests.TestDevToolsConsoleLogs - --------
[CDP Connection] INFO Selenium_4_Tests.TestDevToolsConsoleLogs - Level: warning
[CDP Connection] INFO Selenium_4_Tests.TestDevToolsConsoleLogs - Level: warning
[CDP Connection] INFO Selenium_4_Tests.TestDevToolsConsoleLogs - Text: Tracking Prevention blocked access to storage for https://fundingchoicesmessages.google.com/f/AGSKWxUes_t-akQx4gY83LOickizxZMW3CLzp-Nt0EtL2O9FLbkPuHE3zeCFHYZkWUKeHz8o-qQeGi8wxJ1w5jBpXQ9sX1_fA1qP7w2yOee5xqY8Y0GsdlT2Ibe0OEcBGrqZJXe7zSkyUOJhKFnUxAS0p6SchDUDanFhrnWaGY67sPI_D2lSLeSz3zQgngi7/_?adCount=.uk/ads./amazon-ad-/CoastMarketplaceAdCategoriesJobs?/496_98_.
[CDP Connection] INFO Selenium_4_Tests.TestDevToolsConsoleLogs - --------
[CDP Connection] INFO Selenium_4_Tests.TestDevToolsConsoleLogs - Text: Tracking Prevention blocked access to storage for https://pagead2.googlesyndication.com/pagead/js/google_top_exp.js?fcd=true.
[CDP Connection] INFO Selenium_4_Tests.TestDevToolsConsoleLogs - Level: warning
[CDP Connection] INFO Selenium_4_Tests.TestDevToolsConsoleLogs - URL: Optional[https://my-location.org/]
[CDP Connection] INFO Selenium_4_Tests.TestDevToolsConsoleLogs - --------
[CDP Connection] INFO Selenium_4_Tests.TestDevToolsConsoleLogs - Timestamp: 1.711656570188669E12
[CDP Connection] INFO Selenium_4_Tests.TestDevToolsConsoleLogs - Text: Tracking Prevention blocked access to storage for https://fundingchoicesmessages.google.com/f/AGSKWxUes_t-akQx4gY83LOickizxZMW3CLzp-Nt0EtL2O9FLbkPuHE3zeCFHYZkWUKeHz8o-qQeGi8wxJ1w5jBpXQ9sX1_fA1qP7w2yOee5xqY8Y0GsdlT2Ibe0OEcBGrqZJXe7zSkyUOJhKFnUxAS0p6SchDUDanFhrnWaGY67sPI_D2lSLeSz3zQgngi7/_?adCount=.uk/ads./amazon-ad-/CoastMarketplaceAdCategoriesJobs?/496_98_.
[CDP Connection] INFO Selenium_4_Tests.TestDevToolsConsoleLogs - URL: Optional[https://my-location.org/]
[CDP Connection] INFO Selenium_4_Tests.TestDevToolsConsoleLogs - URL: Optional[https://my-location.org/]
[CDP Connection] INFO Selenium_4_Tests.TestDevToolsConsoleLogs - StackTrace: Optional.empty
[CDP Connection] INFO Selenium_4_Tests.TestDevToolsConsoleLogs - Level: warning
[CDP Connection] INFO Selenium_4_Tests.TestDevToolsConsoleLogs - --------
[CDP Connection] INFO Selenium_4_Tests.TestDevToolsConsoleLogs - Timestamp: 1.711656570188736E12
[CDP Connection] INFO Selenium_4_Tests.TestDevToolsConsoleLogs - Timestamp: 1.711656570188762E12
[CDP Connection] INFO Selenium_4_Tests.TestDevToolsConsoleLogs - StackTrace: Optional.empty
[CDP Connection] INFO Selenium_4_Tests.TestDevToolsConsoleLogs - Text: Tracking Prevention blocked access to storage for https://pagead2.googlesyndication.com/pagead/js/google_top_exp.js?fcd=true.
[CDP Connection] INFO Selenium_4_Tests.TestDevToolsConsoleLogs - --------
[CDP Connection] INFO Selenium_4_Tests.TestDevToolsConsoleLogs - StackTrace: Optional.empty
[CDP Connection] INFO Selenium_4_Tests.TestDevToolsConsoleLogs - --------
[CDP Connection] INFO Selenium_4_Tests.TestDevToolsConsoleLogs - URL: Optional[https://my-location.org/]
[CDP Connection] INFO Selenium_4_Tests.TestDevToolsConsoleLogs - Timestamp: 1.711656570188788E12
[CDP Connection] INFO Selenium_4_Tests.TestDevToolsConsoleLogs - StackTrace: Optional.empty
[CDP Connection] INFO Selenium_4_Tests.TestDevToolsConsoleLogs - --------
[CDP Connection] INFO Selenium_4_Tests.TestDevToolsConsoleLogs - --------
[CDP Connection] INFO Selenium_4_Tests.TestDevToolsConsoleLogs - Level: warning
[CDP Connection] INFO Selenium_4_Tests.TestDevToolsConsoleLogs - --------
[CDP Connection] INFO Selenium_4_Tests.TestDevToolsConsoleLogs - Level: warning
[CDP Connection] INFO Selenium_4_Tests.TestDevToolsConsoleLogs - Text: Tracking Prevention blocked access to storage for https://www.googleadservices.com/pagead/ar-adview/?nrh={%22aggregation_keys%22:{%221%22:%220x8c43905b28ac78340000000000000000%22,%222%22:%220xca11af347d2cd790000000000000000%22,%223%22:%220x57665892d17275010000000000000000%22,%224%22:%220xef4b2f9dfd8d94660000000000000000%22,%225%22:%220x29babca187bf72870000000000000000%22},%22debug_key%22:%226470086204314152253%22,%22debug_reporting%22:true,%22destination%22:%22https://elcolombiano.com%22,%22event_report_window%22:%22259200%22,%22expiry%22:%222592000%22,%22filter_data%22:{%222%22:[%22950053542%22],%2222%22:[%22true%22],%224%22:[%2203-28%22],%226%22:[%22true%22]},%22priority%22:%22500%22,%22source_event_id%22:%2217819265435935019153%22}&andc=true.
[CDP Connection] INFO Selenium_4_Tests.TestDevToolsConsoleLogs - Text: Tracking Prevention blocked access to storage for https://www.googleadservices.com/pagead/ar-adview/?nrh={%22aggregation_keys%22:{%221%22:%220x8c43905b28ac78340000000000000000%22,%222%22:%220xca11af347d2cd790000000000000000%22,%223%22:%220x57665892d17275010000000000000000%22,%224%22:%220xef4b2f9dfd8d94660000000000000000%22,%225%22:%220x29babca187bf72870000000000000000%22},%22debug_key%22:%226470086204314152253%22,%22debug_reporting%22:true,%22destination%22:%22https://elcolombiano.com%22,%22event_report_window%22:%22259200%22,%22expiry%22:%222592000%22,%22filter_data%22:{%222%22:[%22950053542%22],%2222%22:[%22true%22],%224%22:[%2203-28%22],%226%22:[%22true%22]},%22priority%22:%22500%22,%22source_event_id%22:%2217819265435935019153%22}&andc=true.
[CDP Connection] INFO Selenium_4_Tests.TestDevToolsConsoleLogs - URL: Optional[https://my-location.org/]
[CDP Connection] INFO Selenium_4_Tests.TestDevToolsConsoleLogs - URL: Optional[https://my-location.org/]
[CDP Connection] INFO Selenium_4_Tests.TestDevToolsConsoleLogs - Timestamp: 1.711656570231866E12
[CDP Connection] INFO Selenium_4_Tests.TestDevToolsConsoleLogs - StackTrace: Optional.empty
[CDP Connection] INFO Selenium_4_Tests.TestDevToolsConsoleLogs - Timestamp: 1.711656570232175E12
[CDP Connection] INFO Selenium_4_Tests.TestDevToolsConsoleLogs - --------
[CDP Connection] INFO Selenium_4_Tests.TestDevToolsConsoleLogs - StackTrace: Optional.empty
[CDP Connection] INFO Selenium_4_Tests.TestDevToolsConsoleLogs - --------
[CDP Connection] INFO Selenium_4_Tests.TestDevToolsConsoleLogs - --------
[CDP Connection] INFO Selenium_4_Tests.TestDevToolsConsoleLogs - Level: warning
[CDP Connection] INFO Selenium_4_Tests.TestDevToolsConsoleLogs - Text: Tracking Prevention blocked access to storage for https://fundingchoicesmessages.google.com/f/AGSKWxW3H3S4ikKvAWSn4kmr2PYGsSZq2sRzNCWk9usFPZxz0zZAV5wDsO1430L67vXZyKZ_v3ZPEKt2i0cNYJ3ejWFnVWJyAT3TsOnJr6wIZtklvzfZWKPlFLOO39Tqt7QGKaUYUUMoBw==?fccs=W251bGwsbnVsbCxudWxsLG51bGwsbnVsbCxudWxsLFsxNzExNjU2NTcwLDI5MDAwMDAwMF0sbnVsbCxudWxsLG51bGwsW251bGwsWzcsOSw2XSxudWxsLDIsbnVsbCwiZW4iLG51bGwsbnVsbCxudWxsLG51bGwsbnVsbCwxXSwiaHR0cHM6Ly9teS1sb2NhdGlvbi5vcmcvIixudWxsLFtbOCwiUnlubzRGRDlpVEUiXSxbOSwiZXMtNDE5Il0sWzE4LCJbW1swXV1dIl0sWzE5LCIyIl0sWzE3LCJbMF0iXV1d.
[CDP Connection] INFO Selenium_4_Tests.TestDevToolsConsoleLogs - URL: Optional[https://my-location.org/]
[CDP Connection] INFO Selenium_4_Tests.TestDevToolsConsoleLogs - Timestamp: 1.711656570291706E12
[CDP Connection] INFO Selenium_4_Tests.TestDevToolsConsoleLogs - StackTrace: Optional.empty
[CDP Connection] INFO Selenium_4_Tests.TestDevToolsConsoleLogs - --------
[CDP Connection] INFO Selenium_4_Tests.TestDevToolsConsoleLogs - --------
[CDP Connection] INFO Selenium_4_Tests.TestDevToolsConsoleLogs - Level: warning
[CDP Connection] INFO Selenium_4_Tests.TestDevToolsConsoleLogs - Text: Tracking Prevention blocked access to storage for https://fundingchoicesmessages.google.com/f/AGSKWxW3H3S4ikKvAWSn4kmr2PYGsSZq2sRzNCWk9usFPZxz0zZAV5wDsO1430L67vXZyKZ_v3ZPEKt2i0cNYJ3ejWFnVWJyAT3TsOnJr6wIZtklvzfZWKPlFLOO39Tqt7QGKaUYUUMoBw==?fccs=W251bGwsbnVsbCxudWxsLG51bGwsbnVsbCxudWxsLFsxNzExNjU2NTcwLDI5MDAwMDAwMF0sbnVsbCxudWxsLG51bGwsW251bGwsWzcsOSw2XSxudWxsLDIsbnVsbCwiZW4iLG51bGwsbnVsbCxudWxsLG51bGwsbnVsbCwxXSwiaHR0cHM6Ly9teS1sb2NhdGlvbi5vcmcvIixudWxsLFtbOCwiUnlubzRGRDlpVEUiXSxbOSwiZXMtNDE5Il0sWzE4LCJbW1swXV1dIl0sWzE5LCIyIl0sWzE3LCJbMF0iXV1d.
[CDP Connection] INFO Selenium_4_Tests.TestDevToolsConsoleLogs - URL: Optional[https://my-location.org/]
[CDP Connection] INFO Selenium_4_Tests.TestDevToolsConsoleLogs - Timestamp: 1.711656570291759E12
[CDP Connection] INFO Selenium_4_Tests.TestDevToolsConsoleLogs - StackTrace: Optional.empty
[CDP Connection] INFO Selenium_4_Tests.TestDevToolsConsoleLogs - --------
[CDP Connection] INFO Selenium_4_Tests.TestDevToolsConsoleLogs - --------
[CDP Connection] INFO Selenium_4_Tests.TestDevToolsConsoleLogs - Level: warning
[CDP Connection] INFO Selenium_4_Tests.TestDevToolsConsoleLogs - Text: Tracking Prevention blocked access to storage for https://www.googleadservices.com/pagead/ar-adview/?nrh={%22aggregation_keys%22:{%221%22:%220x8c43905b28ac78340000000000000000%22,%222%22:%220xca11af347d2cd790000000000000000%22,%223%22:%220x57665892d17275010000000000000000%22,%224%22:%220xef4b2f9dfd8d94660000000000000000%22,%225%22:%220x29babca187bf72870000000000000000%22},%22debug_key%22:%226470086204314152253%22,%22debug_reporting%22:true,%22destination%22:%22https://elcolombiano.com%22,%22event_report_window%22:%22259200%22,%22expiry%22:%222592000%22,%22filter_data%22:{%222%22:[%22950053542%22],%2222%22:[%22true%22],%224%22:[%2203-28%22],%226%22:[%22true%22]},%22priority%22:%22500%22,%22source_event_id%22:%2217819265435935019153%22}&andc=true.
[CDP Connection] INFO Selenium_4_Tests.TestDevToolsConsoleLogs - URL: Optional[https://my-location.org/]
[CDP Connection] INFO Selenium_4_Tests.TestDevToolsConsoleLogs - Timestamp: 1.711656570349398E12
[CDP Connection] INFO Selenium_4_Tests.TestDevToolsConsoleLogs - StackTrace: Optional.empty
[CDP Connection] INFO Selenium_4_Tests.TestDevToolsConsoleLogs - --------
[CDP Connection] INFO Selenium_4_Tests.TestDevToolsConsoleLogs - --------
[CDP Connection] INFO Selenium_4_Tests.TestDevToolsConsoleLogs - Level: warning
[CDP Connection] INFO Selenium_4_Tests.TestDevToolsConsoleLogs - Text: Tracking Prevention blocked access to storage for https://tpc.googlesyndication.com/sodar/sodar2/225/runner.html.
[CDP Connection] INFO Selenium_4_Tests.TestDevToolsConsoleLogs - --------
[CDP Connection] INFO Selenium_4_Tests.TestDevToolsConsoleLogs - Level: warning
[CDP Connection] INFO Selenium_4_Tests.TestDevToolsConsoleLogs - Text: Tracking Prevention blocked access to storage for https://tpc.googlesyndication.com/sodar/sodar2/225/runner.html.
[CDP Connection] INFO Selenium_4_Tests.TestDevToolsConsoleLogs - URL: Optional[https://my-location.org/]
[CDP Connection] INFO Selenium_4_Tests.TestDevToolsConsoleLogs - Timestamp: 1.711656570415258E12
[CDP Connection] INFO Selenium_4_Tests.TestDevToolsConsoleLogs - URL: Optional[https://my-location.org/]
[CDP Connection] INFO Selenium_4_Tests.TestDevToolsConsoleLogs - StackTrace: Optional.empty
[CDP Connection] INFO Selenium_4_Tests.TestDevToolsConsoleLogs - --------
[CDP Connection] INFO Selenium_4_Tests.TestDevToolsConsoleLogs - Timestamp: 1.711656570415382E12
[CDP Connection] INFO Selenium_4_Tests.TestDevToolsConsoleLogs - StackTrace: Optional.empty
[CDP Connection] INFO Selenium_4_Tests.TestDevToolsConsoleLogs - --------
[CDP Connection] INFO Selenium_4_Tests.TestDevToolsConsoleLogs - --------
[CDP Connection] INFO Selenium_4_Tests.TestDevToolsConsoleLogs - Level: warning
[CDP Connection] INFO Selenium_4_Tests.TestDevToolsConsoleLogs - --------
[CDP Connection] INFO Selenium_4_Tests.TestDevToolsConsoleLogs - Level: warning
[CDP Connection] INFO Selenium_4_Tests.TestDevToolsConsoleLogs - Text: Tracking Prevention blocked access to storage for https://pagead2.googlesyndication.com/bg/8IdVU_5hiTnoSVFpifzETCOPuU7V9vAnpxqXHqRkotI.js.
[CDP Connection] INFO Selenium_4_Tests.TestDevToolsConsoleLogs - Text: Tracking Prevention blocked access to storage for https://pagead2.googlesyndication.com/bg/8IdVU_5hiTnoSVFpifzETCOPuU7V9vAnpxqXHqRkotI.js.
[CDP Connection] INFO Selenium_4_Tests.TestDevToolsConsoleLogs - URL: Optional[https://my-location.org/]
[CDP Connection] INFO Selenium_4_Tests.TestDevToolsConsoleLogs - URL: Optional[https://my-location.org/]
[CDP Connection] INFO Selenium_4_Tests.TestDevToolsConsoleLogs - Timestamp: 1.711656570452669E12
[CDP Connection] INFO Selenium_4_Tests.TestDevToolsConsoleLogs - StackTrace: Optional.empty
[CDP Connection] INFO Selenium_4_Tests.TestDevToolsConsoleLogs - --------
[CDP Connection] INFO Selenium_4_Tests.TestDevToolsConsoleLogs - Timestamp: 1.711656570452794E12
[CDP Connection] INFO Selenium_4_Tests.TestDevToolsConsoleLogs - StackTrace: Optional.empty
[CDP Connection] INFO Selenium_4_Tests.TestDevToolsConsoleLogs - --------
[CDP Connection] INFO Selenium_4_Tests.TestDevToolsConsoleLogs - --------
[CDP Connection] INFO Selenium_4_Tests.TestDevToolsConsoleLogs - Level: warning
[CDP Connection] INFO Selenium_4_Tests.TestDevToolsConsoleLogs - Text: Tracking Prevention blocked access to storage for https://www.google.com/.
[CDP Connection] INFO Selenium_4_Tests.TestDevToolsConsoleLogs - --------
[CDP Connection] INFO Selenium_4_Tests.TestDevToolsConsoleLogs - URL: Optional[https://my-location.org/]
[CDP Connection] INFO Selenium_4_Tests.TestDevToolsConsoleLogs - Level: warning
[CDP Connection] INFO Selenium_4_Tests.TestDevToolsConsoleLogs - Timestamp: 1.711656570529779E12
[CDP Connection] INFO Selenium_4_Tests.TestDevToolsConsoleLogs - StackTrace: Optional.empty
[CDP Connection] INFO Selenium_4_Tests.TestDevToolsConsoleLogs - --------
[CDP Connection] INFO Selenium_4_Tests.TestDevToolsConsoleLogs - Text: Tracking Prevention blocked access to storage for https://www.google.com/.
[CDP Connection] INFO Selenium_4_Tests.TestDevToolsConsoleLogs - URL: Optional[https://my-location.org/]
[CDP Connection] INFO Selenium_4_Tests.TestDevToolsConsoleLogs - Timestamp: 1.711656570529643E12
[CDP Connection] INFO Selenium_4_Tests.TestDevToolsConsoleLogs - StackTrace: Optional.empty
[CDP Connection] INFO Selenium_4_Tests.TestDevToolsConsoleLogs - --------
[CDP Connection] INFO Selenium_4_Tests.TestDevToolsConsoleLogs - --------
[CDP Connection] INFO Selenium_4_Tests.TestDevToolsConsoleLogs - Level: warning
[CDP Connection] INFO Selenium_4_Tests.TestDevToolsConsoleLogs - Text: Tracking Prevention blocked access to storage for https://pagead2.googlesyndication.com/pagead/sodar?id=sodar2&v=225&li=gda_r20240326&jk=3707572538762533&rc=.
[CDP Connection] INFO Selenium_4_Tests.TestDevToolsConsoleLogs - URL: Optional[https://my-location.org/]
[CDP Connection] INFO Selenium_4_Tests.TestDevToolsConsoleLogs - Timestamp: 1.711656570531169E12
[CDP Connection] INFO Selenium_4_Tests.TestDevToolsConsoleLogs - StackTrace: Optional.empty
[CDP Connection] INFO Selenium_4_Tests.TestDevToolsConsoleLogs - --------
[CDP Connection] INFO Selenium_4_Tests.TestDevToolsConsoleLogs - --------
[CDP Connection] INFO Selenium_4_Tests.TestDevToolsConsoleLogs - Level: warning
[CDP Connection] INFO Selenium_4_Tests.TestDevToolsConsoleLogs - Text: Tracking Prevention blocked access to storage for https://pagead2.googlesyndication.com/pagead/sodar?id=sodar2&v=225&li=gda_r20240326&jk=3707572538762533&rc=.
[CDP Connection] INFO Selenium_4_Tests.TestDevToolsConsoleLogs - URL: Optional[https://my-location.org/]
[CDP Connection] INFO Selenium_4_Tests.TestDevToolsConsoleLogs - Timestamp: 1.711656570531247E12
[CDP Connection] INFO Selenium_4_Tests.TestDevToolsConsoleLogs - StackTrace: Optional.empty
[CDP Connection] INFO Selenium_4_Tests.TestDevToolsConsoleLogs - --------
[CDP Connection] INFO Selenium_4_Tests.TestDevToolsConsoleLogs - --------
[CDP Connection] INFO Selenium_4_Tests.TestDevToolsConsoleLogs - Level: warning
[CDP Connection] INFO Selenium_4_Tests.TestDevToolsConsoleLogs - Text: Tracking Prevention blocked access to storage for https://tpc.googlesyndication.com/generate_204?mzbQDA.
[CDP Connection] INFO Selenium_4_Tests.TestDevToolsConsoleLogs - URL: Optional[https://my-location.org/]
[CDP Connection] INFO Selenium_4_Tests.TestDevToolsConsoleLogs - --------
[CDP Connection] INFO Selenium_4_Tests.TestDevToolsConsoleLogs - Timestamp: 1.711656570632591E12
[CDP Connection] INFO Selenium_4_Tests.TestDevToolsConsoleLogs - StackTrace: Optional.empty
[CDP Connection] INFO Selenium_4_Tests.TestDevToolsConsoleLogs - --------
[CDP Connection] INFO Selenium_4_Tests.TestDevToolsConsoleLogs - Level: warning
[CDP Connection] INFO Selenium_4_Tests.TestDevToolsConsoleLogs - Text: Tracking Prevention blocked access to storage for https://tpc.googlesyndication.com/generate_204?mzbQDA.
[CDP Connection] INFO Selenium_4_Tests.TestDevToolsConsoleLogs - URL: Optional[https://my-location.org/]
[CDP Connection] INFO Selenium_4_Tests.TestDevToolsConsoleLogs - Timestamp: 1.71165657063265E12
[CDP Connection] INFO Selenium_4_Tests.TestDevToolsConsoleLogs - StackTrace: Optional.empty
[CDP Connection] INFO Selenium_4_Tests.TestDevToolsConsoleLogs - --------
]]></system-err>
  </testcase>
</testsuite>