<?xml version="1.0" encoding="UTF-8"?>
<testsuite xmlns:xsi="http://www.w3.org/2001/XMLSchema-instance" xsi:noNamespaceSchemaLocation="https://maven.apache.org/surefire/maven-surefire-plugin/xsd/surefire-test-report-3.0.xsd" version="3.0" name="Selenium_4_Tests.TestWindowManagement" time="24.305" tests="3" errors="0" skipped="0" failures="0">
  <properties>
[...]
</properties>
  <testcase name="testWorkingInBothWindowTab" classname="Selenium_4_Tests.TestWindowManagement" time="10.435"/>
  <testcase name="testNewTabSelenium" classname="Selenium_4_Tests.TestWindowManagement" time="7.736"/>
  <testcase name="testNewWindowSelenium" classname="Selenium_4_Tests.TestWindowManagement" time="6.118"/>
</testsuite>