<?xml version="1.0" encoding="UTF-8"?>
<testsuite xmlns:xsi="http://www.w3.org/2001/XMLSchema-instance" xsi:noNamespaceSchemaLocation="https://maven.apache.org/surefire/maven-surefire-plugin/xsd/surefire-test-report-3.0.xsd" version="3.0" name="Selenium_4_Tests.TestDevToolsPerformance" time="4.733" tests="2" errors="0" skipped="0" failures="0">
  <properties>
[...]
</properties>
  <testcase name="testPerformanceCaptureHttpRequests" classname="Selenium_4_Tests.TestDevToolsPerformance" time="2.319">
    <system-out><![CDATA[Request URI: https://linkedin.com/
Request URI + Assertions: true
Request Type: Optional[Document]
Request Method: GET
Request Headers: {Upgrade-Insecure-Requests=1, User-Agent=Mozilla/5.0 (Windows NT 10.0; Win64; x64) AppleWebKit/537.36 (KHTML, like Gecko) Chrome/116.0.0.0 Safari/537.36 Edg/116.0.1938.69, sec-ch-ua="Chromium";v="116", "Not)A;Brand";v="24", "Microsoft Edge";v="116", sec-ch-ua-mobile=?0, sec-ch-ua-platform="Windows"}
Request Post Data: Optional.empty
Request Mixed Content Type: Optional[none]
Request Referrer Policy: strict-origin-when-cross-origin
Request Is Signed Exchanged: false
Request Document URL: https://linkedin.com/
Request Initiator: org.openqa.selenium.devtools.v114.network.model.Initiator@7a375751
Request Timestamp: 2489638.719582

Request URI: https://www.linkedin.com/
Request URI + Assertions: true
Request Type: Optional[Document]
Request Method: GET
Request Headers: {Upgrade-Insecure-Requests=1, User-Agent=Mozilla/5.0 (Windows NT 10.0; Win64; x64) AppleWebKit/537.36 (KHTML, like Gecko) Chrome/116.0.0.0 Safari/537.36 Edg/116.0.1938.69, sec-ch-ua="Chromium";v="116", "Not)A;Brand";v="24", "Microsoft Edge";v="116", sec-ch-ua-mobile=?0, sec-ch-ua-platform="Windows"}
Request Post Data: Optional.empty
Request Mixed Content Type: Optional[none]
Request Referrer Policy: strict-origin-when-cross-origin
Request Is Signed Exchanged: false
Request Document URL: https://www.linkedin.com/
Request Initiator: org.openqa.selenium.devtools.v114.network.model.Initiator@7dae764f
Request Timestamp: 2489639.014606

Request URI: https://media.licdn.com/media//AAYQAgSrAAgAAQAAAAAAAEFQ0SVTwDSXRqWvckCS4gYqEA.svg
Request URI + Assertions: false
Request Type: Optional[Image]
Request Method: GET
Request Headers: {sec-ch-ua="Chromium";v="116", "Not)A;Brand";v="24", "Microsoft Edge";v="116", Referer=https://www.linkedin.com/, sec-ch-ua-mobile=?0, User-Agent=Mozilla/5.0 (Windows NT 10.0; Win64; x64) AppleWebKit/537.36 (KHTML, like Gecko) Chrome/116.0.0.0 Safari/537.36 Edg/116.0.1938.69, sec-ch-ua-platform="Windows"}
Request Post Data: Optional.empty
Request Mixed Content Type: Optional[none]
Request Referrer Policy: strict-origin-when-cross-origin
Request Is Signed Exchanged: false
Request Document URL: https://www.linkedin.com/
Request Initiator: org.openqa.selenium.devtools.v114.network.model.Initiator@2a5a2073
Request Timestamp: 2489639.321542

Request URI: https://static.licdn.com/aero-v1/sc/h/1q4tkikft1b7he1f07as4cx0m
Request URI + Assertions: false
Request Type: Optional[Stylesheet]
Request Method: GET
Request Headers: {sec-ch-ua="Chromium";v="116", "Not)A;Brand";v="24", "Microsoft Edge";v="116", Referer=https://www.linkedin.com/, sec-ch-ua-mobile=?0, User-Agent=Mozilla/5.0 (Windows NT 10.0; Win64; x64) AppleWebKit/537.36 (KHTML, like Gecko) Chrome/116.0.0.0 Safari/537.36 Edg/116.0.1938.69, sec-ch-ua-platform="Windows"}
Request Post Data: Optional.empty
Request Mixed Content Type: Optional[none]
Request Referrer Policy: strict-origin-when-cross-origin
Request Is Signed Exchanged: false
Request Document URL: https://www.linkedin.com/
Request Initiator: org.openqa.selenium.devtools.v114.network.model.Initiator@7a5e6ffc
Request Timestamp: 2489639.32126

Request URI: https://static.licdn.com/aero-v1/sc/h/cchc4xla3dglu106e9mw6snkx
Request URI + Assertions: false
Request Type: Optional[Script]
Request Method: GET
Request Headers: {sec-ch-ua="Chromium";v="116", "Not)A;Brand";v="24", "Microsoft Edge";v="116", Referer=https://www.linkedin.com/, sec-ch-ua-mobile=?0, User-Agent=Mozilla/5.0 (Windows NT 10.0; Win64; x64) AppleWebKit/537.36 (KHTML, like Gecko) Chrome/116.0.0.0 Safari/537.36 Edg/116.0.1938.69, sec-ch-ua-platform="Windows"}
Request Post Data: Optional.empty
Request Mixed Content Type: Optional[none]
Request Referrer Policy: strict-origin-when-cross-origin
Request Is Signed Exchanged: false
Request Document URL: https://www.linkedin.com/
Request Initiator: org.openqa.selenium.devtools.v114.network.model.Initiator@5895fcf3
Request Timestamp: 2489639.390061

Request URI: https://static.licdn.com/aero-v1/sc/h/1b3cfsdjfv8op3mz5yc3s2qlq
Request URI + Assertions: false
Request Type: Optional[Script]
Request Method: GET
Request Headers: {sec-ch-ua="Chromium";v="116", "Not)A;Brand";v="24", "Microsoft Edge";v="116", Referer=https://www.linkedin.com/, sec-ch-ua-mobile=?0, User-Agent=Mozilla/5.0 (Windows NT 10.0; Win64; x64) AppleWebKit/537.36 (KHTML, like Gecko) Chrome/116.0.0.0 Safari/537.36 Edg/116.0.1938.69, sec-ch-ua-platform="Windows"}
Request Post Data: Optional.empty
Request Mixed Content Type: Optional[none]
Request Referrer Policy: strict-origin-when-cross-origin
Request Is Signed Exchanged: false
Request Document URL: https://www.linkedin.com/
Request Initiator: org.openqa.selenium.devtools.v114.network.model.Initiator@7c877a36
Request Timestamp: 2489639.38972

Request URI: https://static.licdn.com/aero-v1/sc/h/8fkga714vy9b2wk5auqo5reeb
Request URI + Assertions: false
Request Type: Optional[XHR]
Request Method: GET
Request Headers: {sec-ch-ua="Chromium";v="116", "Not)A;Brand";v="24", "Microsoft Edge";v="116", Referer=https://www.linkedin.com/, sec-ch-ua-mobile=?0, User-Agent=Mozilla/5.0 (Windows NT 10.0; Win64; x64) AppleWebKit/537.36 (KHTML, like Gecko) Chrome/116.0.0.0 Safari/537.36 Edg/116.0.1938.69, sec-ch-ua-platform="Windows"}
Request Post Data: Optional.empty
Request Mixed Content Type: Optional[none]
Request Referrer Policy: strict-origin-when-cross-origin
Request Is Signed Exchanged: false
Request Document URL: https://www.linkedin.com/
Request Initiator: org.openqa.selenium.devtools.v114.network.model.Initiator@271791b9
Request Timestamp: 2489639.598545

Request URI: https://static.licdn.com/aero-v1/sc/h/8wykgzgbqy0t3fnkgborvz54u
Request URI + Assertions: false
Request Type: Optional[XHR]
Request Method: GET
Request Headers: {sec-ch-ua="Chromium";v="116", "Not)A;Brand";v="24", "Microsoft Edge";v="116", Referer=https://www.linkedin.com/, sec-ch-ua-mobile=?0, User-Agent=Mozilla/5.0 (Windows NT 10.0; Win64; x64) AppleWebKit/537.36 (KHTML, like Gecko) Chrome/116.0.0.0 Safari/537.36 Edg/116.0.1938.69, sec-ch-ua-platform="Windows"}
Request Post Data: Optional.empty
Request Mixed Content Type: Optional[none]
Request Referrer Policy: strict-origin-when-cross-origin
Request Is Signed Exchanged: false
Request Document URL: https://www.linkedin.com/
Request Initiator: org.openqa.selenium.devtools.v114.network.model.Initiator@6026124f
Request Timestamp: 2489639.599783

Request URI: https://static.licdn.com/aero-v1/sc/h/ddi43qwelxeqjxdd45pe3fvs1
Request URI + Assertions: false
Request Type: Optional[XHR]
Request Method: GET
Request Headers: {sec-ch-ua="Chromium";v="116", "Not)A;Brand";v="24", "Microsoft Edge";v="116", Referer=https://www.linkedin.com/, sec-ch-ua-mobile=?0, User-Agent=Mozilla/5.0 (Windows NT 10.0; Win64; x64) AppleWebKit/537.36 (KHTML, like Gecko) Chrome/116.0.0.0 Safari/537.36 Edg/116.0.1938.69, sec-ch-ua-platform="Windows"}
Request Post Data: Optional.empty
Request Mixed Content Type: Optional[none]
Request Referrer Policy: strict-origin-when-cross-origin
Request Is Signed Exchanged: false
Request Document URL: https://www.linkedin.com/
Request Initiator: org.openqa.selenium.devtools.v114.network.model.Initiator@1df78b82
Request Timestamp: 2489639.597496

Request URI: https://static.licdn.com/aero-v1/sc/h/8m736dfzskmdn6bwwqz67iiki
Request URI + Assertions: false
Request Type: Optional[Script]
Request Method: GET
Request Headers: {sec-ch-ua="Chromium";v="116", "Not)A;Brand";v="24", "Microsoft Edge";v="116", Referer=https://www.linkedin.com/, sec-ch-ua-mobile=?0, User-Agent=Mozilla/5.0 (Windows NT 10.0; Win64; x64) AppleWebKit/537.36 (KHTML, like Gecko) Chrome/116.0.0.0 Safari/537.36 Edg/116.0.1938.69, sec-ch-ua-platform="Windows"}
Request Post Data: Optional.empty
Request Mixed Content Type: Optional[none]
Request Referrer Policy: strict-origin-when-cross-origin
Request Is Signed Exchanged: false
Request Document URL: https://www.linkedin.com/
Request Initiator: org.openqa.selenium.devtools.v114.network.model.Initiator@f0bc988
Request Timestamp: 2489639.598211

Request URI: https://static.licdn.com/aero-v1/sc/h/4chtt12k98xwnba1nimld2oyg
Request URI + Assertions: false
Request Type: Optional[XHR]
Request Method: GET
Request Headers: {sec-ch-ua="Chromium";v="116", "Not)A;Brand";v="24", "Microsoft Edge";v="116", Referer=https://www.linkedin.com/, sec-ch-ua-mobile=?0, User-Agent=Mozilla/5.0 (Windows NT 10.0; Win64; x64) AppleWebKit/537.36 (KHTML, like Gecko) Chrome/116.0.0.0 Safari/537.36 Edg/116.0.1938.69, sec-ch-ua-platform="Windows"}
Request Post Data: Optional.empty
Request Mixed Content Type: Optional[none]
Request Referrer Policy: strict-origin-when-cross-origin
Request Is Signed Exchanged: false
Request Document URL: https://www.linkedin.com/
Request Initiator: org.openqa.selenium.devtools.v114.network.model.Initiator@33fb7763
Request Timestamp: 2489639.600461

Request URI: https://static.licdn.com/aero-v1/sc/h/92eb1xekc34eklevj0io6x4ki
Request URI + Assertions: false
Request Type: Optional[XHR]
Request Method: GET
Request Headers: {sec-ch-ua="Chromium";v="116", "Not)A;Brand";v="24", "Microsoft Edge";v="116", Referer=https://www.linkedin.com/, sec-ch-ua-mobile=?0, User-Agent=Mozilla/5.0 (Windows NT 10.0; Win64; x64) AppleWebKit/537.36 (KHTML, like Gecko) Chrome/116.0.0.0 Safari/537.36 Edg/116.0.1938.69, sec-ch-ua-platform="Windows"}
Request Post Data: Optional.empty
Request Mixed Content Type: Optional[none]
Request Referrer Policy: strict-origin-when-cross-origin
Request Is Signed Exchanged: false
Request Document URL: https://www.linkedin.com/
Request Initiator: org.openqa.selenium.devtools.v114.network.model.Initiator@7944f0a7
Request Timestamp: 2489639.600072

Request URI: https://static.licdn.com/aero-v1/sc/h/e5ka7p8s9n5r0z9p6kpmm3hig
Request URI + Assertions: false
Request Type: Optional[XHR]
Request Method: GET
Request Headers: {sec-ch-ua="Chromium";v="116", "Not)A;Brand";v="24", "Microsoft Edge";v="116", Referer=https://www.linkedin.com/, sec-ch-ua-mobile=?0, User-Agent=Mozilla/5.0 (Windows NT 10.0; Win64; x64) AppleWebKit/537.36 (KHTML, like Gecko) Chrome/116.0.0.0 Safari/537.36 Edg/116.0.1938.69, sec-ch-ua-platform="Windows"}
Request Post Data: Optional.empty
Request Mixed Content Type: Optional[none]
Request Referrer Policy: strict-origin-when-cross-origin
Request Is Signed Exchanged: false
Request Document URL: https://www.linkedin.com/
Request Initiator: org.openqa.selenium.devtools.v114.network.model.Initiator@53e7fa58
Request Timestamp: 2489639.600706

Request URI: https://static.licdn.com/aero-v1/sc/h/6ulnj3n2ijcmhej768y6oj1hr
Request URI + Assertions: false
Request Type: Optional[XHR]
Request Method: GET
Request Headers: {sec-ch-ua="Chromium";v="116", "Not)A;Brand";v="24", "Microsoft Edge";v="116", Referer=https://www.linkedin.com/, sec-ch-ua-mobile=?0, User-Agent=Mozilla/5.0 (Windows NT 10.0; Win64; x64) AppleWebKit/537.36 (KHTML, like Gecko) Chrome/116.0.0.0 Safari/537.36 Edg/116.0.1938.69, sec-ch-ua-platform="Windows"}
Request Post Data: Optional.empty
Request Mixed Content Type: Optional[none]
Request Referrer Policy: strict-origin-when-cross-origin
Request Is Signed Exchanged: false
Request Document URL: https://www.linkedin.com/
Request Initiator: org.openqa.selenium.devtools.v114.network.model.Initiator@6686a462
Request Timestamp: 2489639.599062

Request URI: https://static.licdn.com/aero-v1/sc/h/7kb6sn3tm4cx918cx9a5jlb0
Request URI + Assertions: false
Request Type: Optional[XHR]
Request Method: GET
Request Headers: {sec-ch-ua="Chromium";v="116", "Not)A;Brand";v="24", "Microsoft Edge";v="116", Referer=https://www.linkedin.com/, sec-ch-ua-mobile=?0, User-Agent=Mozilla/5.0 (Windows NT 10.0; Win64; x64) AppleWebKit/537.36 (KHTML, like Gecko) Chrome/116.0.0.0 Safari/537.36 Edg/116.0.1938.69, sec-ch-ua-platform="Windows"}
Request Post Data: Optional.empty
Request Mixed Content Type: Optional[none]
Request Referrer Policy: strict-origin-when-cross-origin
Request Is Signed Exchanged: false
Request Document URL: https://www.linkedin.com/
Request Initiator: org.openqa.selenium.devtools.v114.network.model.Initiator@84d0bdc
Request Timestamp: 2489639.599422

Request URI: https://static.licdn.com/aero-v1/sc/h/51t74mlo1ty7vakn3a80a9jcp
Request URI + Assertions: false
Request Type: Optional[Script]
Request Method: GET
Request Headers: {sec-ch-ua="Chromium";v="116", "Not)A;Brand";v="24", "Microsoft Edge";v="116", Referer=https://www.linkedin.com/, sec-ch-ua-mobile=?0, User-Agent=Mozilla/5.0 (Windows NT 10.0; Win64; x64) AppleWebKit/537.36 (KHTML, like Gecko) Chrome/116.0.0.0 Safari/537.36 Edg/116.0.1938.69, sec-ch-ua-platform="Windows"}
Request Post Data: Optional.empty
Request Mixed Content Type: Optional[none]
Request Referrer Policy: strict-origin-when-cross-origin
Request Is Signed Exchanged: false
Request Document URL: https://www.linkedin.com/
Request Initiator: org.openqa.selenium.devtools.v114.network.model.Initiator@7656fab6
Request Timestamp: 2489639.601171

Request URI: https://platform.linkedin.com/litms/utag/homepage-guest-frontend/utag.js?cb=1694100300000
Request URI + Assertions: true
Request Type: Optional[Script]
Request Method: GET
Request Headers: {sec-ch-ua="Chromium";v="116", "Not)A;Brand";v="24", "Microsoft Edge";v="116", Referer=https://www.linkedin.com/, sec-ch-ua-mobile=?0, User-Agent=Mozilla/5.0 (Windows NT 10.0; Win64; x64) AppleWebKit/537.36 (KHTML, like Gecko) Chrome/116.0.0.0 Safari/537.36 Edg/116.0.1938.69, sec-ch-ua-platform="Windows"}
Request Post Data: Optional.empty
Request Mixed Content Type: Optional[none]
Request Referrer Policy: strict-origin-when-cross-origin
Request Is Signed Exchanged: false
Request Document URL: https://www.linkedin.com/
Request Initiator: org.openqa.selenium.devtools.v114.network.model.Initiator@229896e4
Request Timestamp: 2489639.615067

Request URI: https://ponf.linkedin.com/pixel/tracking.png?reqid=90de6497-1357-4efd-95bd-e19b570d5c03&pageInstance=urn%3Ali%3Apage%3Ad_homepage-guest-home_jsbeacon%3B1jGv9JogQHKJl1pojis2Vg%3D%3D&js=enabled
Request URI + Assertions: true
Request Type: Optional[Image]
Request Method: GET
Request Headers: {sec-ch-ua="Chromium";v="116", "Not)A;Brand";v="24", "Microsoft Edge";v="116", Referer=https://www.linkedin.com/, sec-ch-ua-mobile=?0, User-Agent=Mozilla/5.0 (Windows NT 10.0; Win64; x64) AppleWebKit/537.36 (KHTML, like Gecko) Chrome/116.0.0.0 Safari/537.36 Edg/116.0.1938.69, sec-ch-ua-platform="Windows"}
Request Post Data: Optional.empty
Request Mixed Content Type: Optional[none]
Request Referrer Policy: strict-origin-when-cross-origin
Request Is Signed Exchanged: false
Request Document URL: https://www.linkedin.com/
Request Initiator: org.openqa.selenium.devtools.v114.network.model.Initiator@553615f5
Request Timestamp: 2489639.838359

Request URI: https://media.licdn.com/media//AAYQAgSrAAgAAQAAAAAAAEFQ0SVTwDSXRqWvckCS4gYqEA.svg
Request URI + Assertions: false
Request Type: Optional[Fetch]
Request Method: HEAD
Request Headers: {sec-ch-ua="Chromium";v="116", "Not)A;Brand";v="24", "Microsoft Edge";v="116", Referer=https://www.linkedin.com/, sec-ch-ua-mobile=?0, User-Agent=Mozilla/5.0 (Windows NT 10.0; Win64; x64) AppleWebKit/537.36 (KHTML, like Gecko) Chrome/116.0.0.0 Safari/537.36 Edg/116.0.1938.69, sec-ch-ua-platform="Windows"}
Request Post Data: Optional.empty
Request Mixed Content Type: Optional[none]
Request Referrer Policy: strict-origin-when-cross-origin
Request Is Signed Exchanged: false
Request Document URL: https://www.linkedin.com/
Request Initiator: org.openqa.selenium.devtools.v114.network.model.Initiator@3d3c8f6c
Request Timestamp: 2489639.605975

Request URI: https://static.licdn.com/aero-v1/sc/h/1b3cfsdjfv8op3mz5yc3s2qlq
Request URI + Assertions: false
Request Type: Optional[Fetch]
Request Method: HEAD
Request Headers: {sec-ch-ua="Chromium";v="116", "Not)A;Brand";v="24", "Microsoft Edge";v="116", Referer=https://www.linkedin.com/, sec-ch-ua-mobile=?0, User-Agent=Mozilla/5.0 (Windows NT 10.0; Win64; x64) AppleWebKit/537.36 (KHTML, like Gecko) Chrome/116.0.0.0 Safari/537.36 Edg/116.0.1938.69, sec-ch-ua-platform="Windows"}
Request Post Data: Optional.empty
Request Mixed Content Type: Optional[none]
Request Referrer Policy: strict-origin-when-cross-origin
Request Is Signed Exchanged: false
Request Document URL: https://www.linkedin.com/
Request Initiator: org.openqa.selenium.devtools.v114.network.model.Initiator@7d5c1eb2
Request Timestamp: 2489639.606154

Request URI: https://static.licdn.com/aero-v1/sc/h/1q4tkikft1b7he1f07as4cx0m
Request URI + Assertions: false
Request Type: Optional[Fetch]
Request Method: HEAD
Request Headers: {sec-ch-ua="Chromium";v="116", "Not)A;Brand";v="24", "Microsoft Edge";v="116", Referer=https://www.linkedin.com/, sec-ch-ua-mobile=?0, User-Agent=Mozilla/5.0 (Windows NT 10.0; Win64; x64) AppleWebKit/537.36 (KHTML, like Gecko) Chrome/116.0.0.0 Safari/537.36 Edg/116.0.1938.69, sec-ch-ua-platform="Windows"}
Request Post Data: Optional.empty
Request Mixed Content Type: Optional[none]
Request Referrer Policy: strict-origin-when-cross-origin
Request Is Signed Exchanged: false
Request Document URL: https://www.linkedin.com/
Request Initiator: org.openqa.selenium.devtools.v114.network.model.Initiator@778301ff
Request Timestamp: 2489639.605437

Request URI: https://www.linkedin.com/litms/api/metadata/user
Request URI + Assertions: true
Request Type: Optional[XHR]
Request Method: GET
Request Headers: {sec-ch-ua="Chromium";v="116", "Not)A;Brand";v="24", "Microsoft Edge";v="116", Referer=https://www.linkedin.com/, sec-ch-ua-mobile=?0, User-Agent=Mozilla/5.0 (Windows NT 10.0; Win64; x64) AppleWebKit/537.36 (KHTML, like Gecko) Chrome/116.0.0.0 Safari/537.36 Edg/116.0.1938.69, sec-ch-ua-platform="Windows"}
Request Post Data: Optional.empty
Request Mixed Content Type: Optional[none]
Request Referrer Policy: strict-origin-when-cross-origin
Request Is Signed Exchanged: false
Request Document URL: https://www.linkedin.com/
Request Initiator: org.openqa.selenium.devtools.v114.network.model.Initiator@1d78e56b
Request Timestamp: 2489639.613995

Request URI: https://static.licdn.com/aero-v1/sc/h/cchc4xla3dglu106e9mw6snkx
Request URI + Assertions: false
Request Type: Optional[Fetch]
Request Method: HEAD
Request Headers: {sec-ch-ua="Chromium";v="116", "Not)A;Brand";v="24", "Microsoft Edge";v="116", Referer=https://www.linkedin.com/, sec-ch-ua-mobile=?0, User-Agent=Mozilla/5.0 (Windows NT 10.0; Win64; x64) AppleWebKit/537.36 (KHTML, like Gecko) Chrome/116.0.0.0 Safari/537.36 Edg/116.0.1938.69, sec-ch-ua-platform="Windows"}
Request Post Data: Optional.empty
Request Mixed Content Type: Optional[none]
Request Referrer Policy: strict-origin-when-cross-origin
Request Is Signed Exchanged: false
Request Document URL: https://www.linkedin.com/
Request Initiator: org.openqa.selenium.devtools.v114.network.model.Initiator@664110a
Request Timestamp: 2489639.606342

Request URI: https://www.linkedin.com/homepage-guest/api/ingraphs/gauge
Request URI + Assertions: true
Request Type: Optional[XHR]
Request Method: POST
Request Headers: {sec-ch-ua="Chromium";v="116", "Not)A;Brand";v="24", "Microsoft Edge";v="116", sec-ch-ua-mobile=?0, User-Agent=Mozilla/5.0 (Windows NT 10.0; Win64; x64) AppleWebKit/537.36 (KHTML, like Gecko) Chrome/116.0.0.0 Safari/537.36 Edg/116.0.1938.69, Content-Type=application/json, Csrf-Token=ajax:4307611706011085651, x-li-pageInstance=urn:li:page:d_homepage-guest-home_jsbeacon;1jGv9JogQHKJl1pojis2Vg==, Referer=https://www.linkedin.com/, sec-ch-ua-platform="Windows"}
Request Post Data: Optional[{"pageKey":"d_homepage-guest-home_jsbeacon","metricsType":"pageLoadTime","metricsValue":874}]
Request Mixed Content Type: Optional[none]
Request Referrer Policy: strict-origin-when-cross-origin
Request Is Signed Exchanged: false
Request Document URL: https://www.linkedin.com/
Request Initiator: org.openqa.selenium.devtools.v114.network.model.Initiator@3fb1300
Request Timestamp: 2489639.611639

Request URI: https://static.licdn.com/aero-v1/sc/h/ddi43qwelxeqjxdd45pe3fvs1
Request URI + Assertions: false
Request Type: Optional[Fetch]
Request Method: HEAD
Request Headers: {sec-ch-ua="Chromium";v="116", "Not)A;Brand";v="24", "Microsoft Edge";v="116", Referer=https://www.linkedin.com/, sec-ch-ua-mobile=?0, User-Agent=Mozilla/5.0 (Windows NT 10.0; Win64; x64) AppleWebKit/537.36 (KHTML, like Gecko) Chrome/116.0.0.0 Safari/537.36 Edg/116.0.1938.69, sec-ch-ua-platform="Windows"}
Request Post Data: Optional.empty
Request Mixed Content Type: Optional[none]
Request Referrer Policy: strict-origin-when-cross-origin
Request Is Signed Exchanged: false
Request Document URL: https://www.linkedin.com/
Request Initiator: org.openqa.selenium.devtools.v114.network.model.Initiator@73b0ea3f
Request Timestamp: 2489639.844751

Request URI: https://static.licdn.com/aero-v1/sc/h/al2o9zrvru7aqj8e1x2rzsrca
Request URI + Assertions: false
Request Type: Optional[Other]
Request Method: GET
Request Headers: {sec-ch-ua="Chromium";v="116", "Not)A;Brand";v="24", "Microsoft Edge";v="116", Referer=https://www.linkedin.com/, sec-ch-ua-mobile=?0, User-Agent=Mozilla/5.0 (Windows NT 10.0; Win64; x64) AppleWebKit/537.36 (KHTML, like Gecko) Chrome/116.0.0.0 Safari/537.36 Edg/116.0.1938.69, sec-ch-ua-platform="Windows"}
Request Post Data: Optional.empty
Request Mixed Content Type: Optional[none]
Request Referrer Policy: strict-origin-when-cross-origin
Request Is Signed Exchanged: false
Request Document URL: https://www.linkedin.com/
Request Initiator: org.openqa.selenium.devtools.v114.network.model.Initiator@5db5a44a
Request Timestamp: 2489639.84561

Request URI: https://accounts.google.com/gsi/button?logo_alignment=center&shape=pill&size=large&text=continue_with&theme=undefined&type=undefined&width=398&client_id=990339570472-k6nqn1tpmitg8pui82bfaun3jrpmiuhs.apps.googleusercontent.com&iframe_id=gsi_439584_964220&as=cpK%2FFjxcuJFt7Z2GH1xtUw&hl=en_US
Request URI + Assertions: false
Request Type: Optional[Document]
Request Method: GET
Request Headers: {Referer=https://www.linkedin.com/, Upgrade-Insecure-Requests=1, User-Agent=Mozilla/5.0 (Windows NT 10.0; Win64; x64) AppleWebKit/537.36 (KHTML, like Gecko) Chrome/116.0.0.0 Safari/537.36 Edg/116.0.1938.69, sec-ch-ua="Chromium";v="116", "Not)A;Brand";v="24", "Microsoft Edge";v="116", sec-ch-ua-mobile=?0, sec-ch-ua-platform="Windows"}
Request Post Data: Optional.empty
Request Mixed Content Type: Optional[none]
Request Referrer Policy: strict-origin-when-cross-origin
Request Is Signed Exchanged: false
Request Document URL: https://accounts.google.com/gsi/button?logo_alignment=center&shape=pill&size=large&text=continue_with&theme=undefined&type=undefined&width=398&client_id=990339570472-k6nqn1tpmitg8pui82bfaun3jrpmiuhs.apps.googleusercontent.com&iframe_id=gsi_439584_964220&as=cpK%2FFjxcuJFt7Z2GH1xtUw&hl=en_US
Request Initiator: org.openqa.selenium.devtools.v114.network.model.Initiator@6a7312d3
Request Timestamp: 2489639.865597

Request URI: https://accounts.google.com/gsi/status?client_id=990339570472-k6nqn1tpmitg8pui82bfaun3jrpmiuhs.apps.googleusercontent.com&as=cpK%2FFjxcuJFt7Z2GH1xtUw
Request URI + Assertions: false
Request Type: Optional[XHR]
Request Method: GET
Request Headers: {sec-ch-ua="Chromium";v="116", "Not)A;Brand";v="24", "Microsoft Edge";v="116", Referer=https://www.linkedin.com/, sec-ch-ua-mobile=?0, User-Agent=Mozilla/5.0 (Windows NT 10.0; Win64; x64) AppleWebKit/537.36 (KHTML, like Gecko) Chrome/116.0.0.0 Safari/537.36 Edg/116.0.1938.69, sec-ch-ua-platform="Windows"}
Request Post Data: Optional.empty
Request Mixed Content Type: Optional[none]
Request Referrer Policy: strict-origin-when-cross-origin
Request Is Signed Exchanged: false
Request Document URL: https://www.linkedin.com/
Request Initiator: org.openqa.selenium.devtools.v114.network.model.Initiator@5bfd7236
Request Timestamp: 2489639.860482

Request URI: https://platform.linkedin.com/litms/utag/homepage-guest-frontend/utag.107.js?utv=ut4.46.202306300024
Request URI + Assertions: true
Request Type: Optional[Script]
Request Method: GET
Request Headers: {sec-ch-ua="Chromium";v="116", "Not)A;Brand";v="24", "Microsoft Edge";v="116", Referer=https://www.linkedin.com/, sec-ch-ua-mobile=?0, User-Agent=Mozilla/5.0 (Windows NT 10.0; Win64; x64) AppleWebKit/537.36 (KHTML, like Gecko) Chrome/116.0.0.0 Safari/537.36 Edg/116.0.1938.69, sec-ch-ua-platform="Windows"}
Request Post Data: Optional.empty
Request Mixed Content Type: Optional[none]
Request Referrer Policy: strict-origin-when-cross-origin
Request Is Signed Exchanged: false
Request Document URL: https://www.linkedin.com/
Request Initiator: org.openqa.selenium.devtools.v114.network.model.Initiator@53a7adbd
Request Timestamp: 2489639.900179

Request URI: https://platform.linkedin.com/litms/utag/homepage-guest-frontend/utag.119.js?utv=ut4.46.202306300024
Request URI + Assertions: true
Request Type: Optional[Script]
Request Method: GET
Request Headers: {sec-ch-ua="Chromium";v="116", "Not)A;Brand";v="24", "Microsoft Edge";v="116", Referer=https://www.linkedin.com/, sec-ch-ua-mobile=?0, User-Agent=Mozilla/5.0 (Windows NT 10.0; Win64; x64) AppleWebKit/537.36 (KHTML, like Gecko) Chrome/116.0.0.0 Safari/537.36 Edg/116.0.1938.69, sec-ch-ua-platform="Windows"}
Request Post Data: Optional.empty
Request Mixed Content Type: Optional[none]
Request Referrer Policy: strict-origin-when-cross-origin
Request Is Signed Exchanged: false
Request Document URL: https://www.linkedin.com/
Request Initiator: org.openqa.selenium.devtools.v114.network.model.Initiator@55c7928f
Request Timestamp: 2489639.900819

Request URI: https://platform.linkedin.com/litms/utag/homepage-guest-frontend/utag.122.js?utv=ut4.46.202306300024
Request URI + Assertions: true
Request Type: Optional[Script]
Request Method: GET
Request Headers: {sec-ch-ua="Chromium";v="116", "Not)A;Brand";v="24", "Microsoft Edge";v="116", Referer=https://www.linkedin.com/, sec-ch-ua-mobile=?0, User-Agent=Mozilla/5.0 (Windows NT 10.0; Win64; x64) AppleWebKit/537.36 (KHTML, like Gecko) Chrome/116.0.0.0 Safari/537.36 Edg/116.0.1938.69, sec-ch-ua-platform="Windows"}
Request Post Data: Optional.empty
Request Mixed Content Type: Optional[none]
Request Referrer Policy: strict-origin-when-cross-origin
Request Is Signed Exchanged: false
Request Document URL: https://www.linkedin.com/
Request Initiator: org.openqa.selenium.devtools.v114.network.model.Initiator@39031c13
Request Timestamp: 2489639.901276

Request URI: https://platform.linkedin.com/litms/utag/homepage-guest-frontend/utag.109.js?utv=ut4.46.202306300024
Request URI + Assertions: true
Request Type: Optional[Script]
Request Method: GET
Request Headers: {sec-ch-ua="Chromium";v="116", "Not)A;Brand";v="24", "Microsoft Edge";v="116", Referer=https://www.linkedin.com/, sec-ch-ua-mobile=?0, User-Agent=Mozilla/5.0 (Windows NT 10.0; Win64; x64) AppleWebKit/537.36 (KHTML, like Gecko) Chrome/116.0.0.0 Safari/537.36 Edg/116.0.1938.69, sec-ch-ua-platform="Windows"}
Request Post Data: Optional.empty
Request Mixed Content Type: Optional[none]
Request Referrer Policy: strict-origin-when-cross-origin
Request Is Signed Exchanged: false
Request Document URL: https://www.linkedin.com/
Request Initiator: org.openqa.selenium.devtools.v114.network.model.Initiator@73bc9bd7
Request Timestamp: 2489639.900594

Request URI: https://platform.linkedin.com/litms/utag/homepage-guest-frontend/utag.120.js?utv=ut4.46.202306300024
Request URI + Assertions: true
Request Type: Optional[Script]
Request Method: GET
Request Headers: {sec-ch-ua="Chromium";v="116", "Not)A;Brand";v="24", "Microsoft Edge";v="116", Referer=https://www.linkedin.com/, sec-ch-ua-mobile=?0, User-Agent=Mozilla/5.0 (Windows NT 10.0; Win64; x64) AppleWebKit/537.36 (KHTML, like Gecko) Chrome/116.0.0.0 Safari/537.36 Edg/116.0.1938.69, sec-ch-ua-platform="Windows"}
Request Post Data: Optional.empty
Request Mixed Content Type: Optional[none]
Request Referrer Policy: strict-origin-when-cross-origin
Request Is Signed Exchanged: false
Request Document URL: https://www.linkedin.com/
Request Initiator: org.openqa.selenium.devtools.v114.network.model.Initiator@283a41fb
Request Timestamp: 2489639.901064

Request URI: https://dpm.demdex.net/id?d_visid_ver=5.1.1&d_fieldgroup=MC&d_rtbd=json&d_ver=2&d_orgid=14215E3D5995C57C0A495C55%40AdobeOrg&d_nsid=0&ts=1694100439624
Request URI + Assertions: false
Request Type: Optional[XHR]
Request Method: GET
Request Headers: {sec-ch-ua="Chromium";v="116", "Not)A;Brand";v="24", "Microsoft Edge";v="116", sec-ch-ua-platform="Windows", Referer=https://www.linkedin.com/, sec-ch-ua-mobile=?0, User-Agent=Mozilla/5.0 (Windows NT 10.0; Win64; x64) AppleWebKit/537.36 (KHTML, like Gecko) Chrome/116.0.0.0 Safari/537.36 Edg/116.0.1938.69, Content-Type=application/x-www-form-urlencoded}
Request Post Data: Optional.empty
Request Mixed Content Type: Optional[none]
Request Referrer Policy: strict-origin-when-cross-origin
Request Is Signed Exchanged: false
Request Document URL: https://www.linkedin.com/
Request Initiator: org.openqa.selenium.devtools.v114.network.model.Initiator@c5195a
Request Timestamp: 2489639.897392

Request URI: https://platform.linkedin.com/litms/utag/homepage-guest-frontend/utag.123.js?utv=ut4.46.202306300024
Request URI + Assertions: true
Request Type: Optional[Script]
Request Method: GET
Request Headers: {sec-ch-ua="Chromium";v="116", "Not)A;Brand";v="24", "Microsoft Edge";v="116", Referer=https://www.linkedin.com/, sec-ch-ua-mobile=?0, User-Agent=Mozilla/5.0 (Windows NT 10.0; Win64; x64) AppleWebKit/537.36 (KHTML, like Gecko) Chrome/116.0.0.0 Safari/537.36 Edg/116.0.1938.69, sec-ch-ua-platform="Windows"}
Request Post Data: Optional.empty
Request Mixed Content Type: Optional[none]
Request Referrer Policy: strict-origin-when-cross-origin
Request Is Signed Exchanged: false
Request Document URL: https://www.linkedin.com/
Request Initiator: org.openqa.selenium.devtools.v114.network.model.Initiator@67ef42f9
Request Timestamp: 2489639.901475

]]></system-out>
  </testcase>
  <testcase name="testPerformanceMetrics" classname="Selenium_4_Tests.TestDevToolsPerformance" time="2.409">
    <system-out><![CDATA[Metric: Timestamp
2489642.179118
Metric: Documents
6
Metric: Frames
3
Metric: JSEventListeners
121
Metric: Nodes
3920
Metric: LayoutCount
12
Metric: RecalcStyleCount
13
Metric: RecalcStyleDuration
0.018561
Metric: LayoutDuration
0.081481
Metric: MediaKeySessions
0
Metric: Resources
22
Metric: DomContentLoaded
2489641.726269
Metric: NavigationStart
2489641.054047
Metric: TaskDuration
0.374882
Metric: JSHeapUsedSize
4301436
Metric: JSHeapTotalSize
6336512
Metric: ScriptDuration
0.066609
]]></system-out>
  </testcase>
</testsuite>